L 01/06/2021 - 00:28:47: Log file started (file "cstrike/addons/amxmodx/logs/CVARmenu.log") (game "cstrike") (amx "1.9.0.5271")
L 01/06/2021 - 00:28:47: [OFFICIAL] ADMIN UNU seteaza cvar sv_maxunlag = 0.1 .
L 01/06/2021 - 00:28:48: [OFFICIAL] ADMIN UNU seteaza cvar sv_maxunlag = 0.5 .
L 01/06/2021 - 00:28:50: [OFFICIAL] ADMIN UNU seteaza cvar sv_maxunlag = 1 .
L 01/06/2021 - 00:28:50: [OFFICIAL] ADMIN UNU seteaza cvar sv_maxunlag = 1.5 .
L 01/06/2021 - 01:11:39: [OFFICIAL] ADMIN blioshele seteaza cvar amx_maxjumps = 2 .
L 01/06/2021 - 01:11:49: [OFFICIAL] ADMIN blioshele seteaza cvar sv_timeout = 300 .
L 01/06/2021 - 01:11:49: [OFFICIAL] ADMIN blioshele seteaza cvar sv_timeout = 60 .
L 01/06/2021 - 01:11:49: [OFFICIAL] ADMIN blioshele seteaza cvar sv_timeout = 999 .
L 01/06/2021 - 11:55:27: [OFFICIAL] ADMIN fyzt1C seteaza cvar sv_restart = 3 .
L 01/06/2021 - 13:38:38: [OFFICIAL] ADMIN fyzt1C seteaza cvar mp_timelimit = 35 .
L 01/06/2021 - 13:38:38: [OFFICIAL] ADMIN fyzt1C seteaza cvar mp_timelimit = 0 .
L 01/06/2021 - 14:40:51: [OFFICIAL] ADMIN jucatoru seteaza cvar sv_restart = 3 .
L 01/06/2021 - 15:18:20: [OFFICIAL] ADMIN SeBaN* seteaza cvar mp_timelimit = 35 .
L 01/06/2021 - 16:38:24: [OFFICIAL] ADMIN SeBaN* seteaza cvar mp_freezetime = 5 .
L 01/06/2021 - 16:38:25: [OFFICIAL] ADMIN SeBaN* seteaza cvar mp_freezetime = 0 .
L 01/06/2021 - 17:45:08: [OFFICIAL] ADMIN SeBaN* seteaza cvar mp_freezetime = 2 .
L 01/06/2021 - 23:30:30: [OFFICIAL] ADMIN SeBaN* seteaza cvar sv_timeout = 300 .
L 01/06/2021 - 23:30:30: [OFFICIAL] ADMIN SeBaN* seteaza cvar sv_timeout = 60 .
L 01/06/2021 - 23:30:31: [OFFICIAL] ADMIN SeBaN* seteaza cvar sv_timeout = 999 .
L 01/06/2021 - 23:45:26: [OFFICIAL] ADMIN DaN'EllA seteaza cvar sv_timeout = 300 .
L 01/06/2021 - 23:45:26: [OFFICIAL] ADMIN DaN'EllA seteaza cvar sv_timeout = 60 .
L 01/06/2021 - 23:45:27: [OFFICIAL] ADMIN DaN'EllA seteaza cvar sv_timeout = 999 .
L 01/07/2021 - 10:42:57: [OFFICIAL] ADMIN bUbUkIsS:* seteaza cvar mp_timelimit = 25 .
L 01/07/2021 - 10:42:58: [OFFICIAL] ADMIN bUbUkIsS:* seteaza cvar mp_timelimit = 35 .
L 01/07/2021 - 10:42:59: [OFFICIAL] ADMIN bUbUkIsS:* seteaza cvar mp_timelimit = 0 .
L 01/07/2021 - 11:22:26: [OFFICIAL] ADMIN bUbUkIsS:* seteaza cvar mp_timelimit = 35 .
L 01/07/2021 - 11:22:27: [OFFICIAL] ADMIN bUbUkIsS:* seteaza cvar mp_timelimit = 0 .
L 01/07/2021 - 13:35:56: [OFFICIAL] ADMIN bUbUkIsS:* seteaza cvar mp_timelimit = 35 .
L 01/07/2021 - 13:35:56: [OFFICIAL] ADMIN bUbUkIsS:* seteaza cvar mp_timelimit = 0 .
L 01/07/2021 - 15:46:14: [OFFICIAL] ADMIN bUbUkIsS:* seteaza cvar mp_timelimit = 35 .
L 01/07/2021 - 15:46:15: [OFFICIAL] ADMIN bUbUkIsS:* seteaza cvar mp_timelimit = 0 .
L 01/07/2021 - 16:27:46: [OFFICIAL] ADMIN SeBaN* seteaza cvar sv_restart = 3 .
L 01/07/2021 - 16:47:52: [OFFICIAL] ADMIN bUbUkIsS:* seteaza cvar sv_timeout = 60 .
L 01/07/2021 - 16:47:52: [OFFICIAL] ADMIN bUbUkIsS:* seteaza cvar sv_timeout = 999 .
L 01/07/2021 - 16:47:52: [OFFICIAL] ADMIN bUbUkIsS:* seteaza cvar sv_timeout = 300 .
L 01/07/2021 - 17:21:33: [OFFICIAL] ADMIN bUbUkIsS:* seteaza cvar mp_timelimit = 35 .
L 01/07/2021 - 17:21:34: [OFFICIAL] ADMIN bUbUkIsS:* seteaza cvar mp_timelimit = 0 .
L 01/07/2021 - 18:04:47: [OFFICIAL] ADMIN bUbUkIsS:* seteaza cvar mp_timelimit = 35 .
L 01/07/2021 - 18:13:49: [OFFICIAL] ADMIN bUbUkIsS:* seteaza cvar mp_timelimit = 35 .
L 01/07/2021 - 18:13:50: [OFFICIAL] ADMIN bUbUkIsS:* seteaza cvar mp_timelimit = 0 .
L 01/07/2021 - 19:05:52: [OFFICIAL] ADMIN bUbUkIsS:* seteaza cvar mp_timelimit = 35 .
L 01/07/2021 - 21:22:54: [OFFICIAL] ADMIN oarba_dupa_tine seteaza cvar mp_timelimit = 35 .
L 01/07/2021 - 21:22:55: [OFFICIAL] ADMIN oarba_dupa_tine seteaza cvar mp_timelimit = 0 .
L 01/08/2021 - 12:09:16: [OFFICIAL] ADMIN WatcH mE seteaza cvar mp_timelimit = 35 .
L 01/08/2021 - 12:09:16: [OFFICIAL] ADMIN WatcH mE seteaza cvar mp_timelimit = 0 .
L 01/08/2021 - 12:21:07: [OFFICIAL] ADMIN SeBaN* seteaza cvar sv_restart = 3 .
L 01/08/2021 - 13:52:17: [OFFICIAL] ADMIN bUbUkIsS:* seteaza cvar mp_timelimit = 35 .
L 01/08/2021 - 13:52:18: [OFFICIAL] ADMIN bUbUkIsS:* seteaza cvar mp_timelimit = 0 .
L 01/08/2021 - 15:25:40: [OFFICIAL] ADMIN DaN'EllA seteaza cvar sv_unlag = 0 .
L 01/08/2021 - 15:25:40: [OFFICIAL] ADMIN DaN'EllA seteaza cvar sv_unlag = 1 .
L 01/08/2021 - 15:25:43: [OFFICIAL] ADMIN DaN'EllA seteaza cvar sv_maxunlag = 0.1 .
L 01/08/2021 - 15:25:43: [OFFICIAL] ADMIN DaN'EllA seteaza cvar sv_maxunlag = 0.5 .
L 01/08/2021 - 15:25:43: [OFFICIAL] ADMIN DaN'EllA seteaza cvar sv_maxunlag = 1 .
L 01/08/2021 - 15:25:43: [OFFICIAL] ADMIN DaN'EllA seteaza cvar sv_maxunlag = 1.5 .
L 01/08/2021 - 17:47:57: [OFFICIAL] ADMIN fyzt1C seteaza cvar mp_timelimit = 35 .
L 01/08/2021 - 17:47:57: [OFFICIAL] ADMIN fyzt1C seteaza cvar mp_timelimit = 0 .
L 01/08/2021 - 18:15:21: [OFFICIAL] ADMIN fyzt1C seteaza cvar sv_timeout = 60 .
L 01/08/2021 - 18:15:22: [OFFICIAL] ADMIN fyzt1C seteaza cvar sv_timeout = 999 .
L 01/08/2021 - 18:49:28: [OFFICIAL] ADMIN oarba_dupa_tine seteaza cvar mp_timelimit = 35 .
L 01/08/2021 - 18:49:28: [OFFICIAL] ADMIN oarba_dupa_tine seteaza cvar mp_timelimit = 0 .
L 01/08/2021 - 20:15:09: [OFFICIAL] ADMIN SeBaN* seteaza cvar mp_timelimit = 35 .
L 01/08/2021 - 20:29:18: [OFFICIAL] ADMIN blioshele seteaza cvar mp_freezetime = 5 .
L 01/08/2021 - 20:29:20: [OFFICIAL] ADMIN blioshele seteaza cvar mp_freezetime = 0 .
L 01/08/2021 - 20:42:28: [OFFICIAL] ADMIN DaN'EllA seteaza cvar mp_timelimit = 35 .
L 01/08/2021 - 20:49:27: [OFFICIAL] ADMIN SeBaN* seteaza cvar mp_freezetime = 2 .
L 01/08/2021 - 21:07:51: [OFFICIAL] ADMIN oarba_dupa_tine seteaza cvar mp_timelimit = 35 .
L 01/08/2021 - 21:20:55: [OFFICIAL] ADMIN Osiris seteaza cvar sv_maxunlag = 0.1 .
L 01/08/2021 - 21:20:55: [OFFICIAL] ADMIN Osiris seteaza cvar sv_maxunlag = 0.5 .
L 01/08/2021 - 21:20:55: [OFFICIAL] ADMIN Osiris seteaza cvar sv_maxunlag = 1 .
L 01/08/2021 - 21:20:56: [OFFICIAL] ADMIN Osiris seteaza cvar sv_maxunlag = 1.5 .
L 01/08/2021 - 21:20:58: [OFFICIAL] ADMIN Osiris seteaza cvar sv_unlag = 0 .
L 01/08/2021 - 21:20:58: [OFFICIAL] ADMIN Osiris seteaza cvar sv_unlag = 1 .
L 01/08/2021 - 21:40:10: [OFFICIAL] ADMIN oarba_dupa_tine seteaza cvar mp_timelimit = 35 .
L 01/08/2021 - 21:40:11: [OFFICIAL] ADMIN oarba_dupa_tine seteaza cvar mp_timelimit = 0 .
L 01/09/2021 - 12:35:42: [OFFICIAL] ADMIN fyzt1C seteaza cvar sv_restart = 3 .
L 01/09/2021 - 13:53:52: [OFFICIAL] ADMIN WatcH mE seteaza cvar mp_timelimit = 35 .
L 01/09/2021 - 13:53:52: [OFFICIAL] ADMIN WatcH mE seteaza cvar mp_timelimit = 0 .
L 01/09/2021 - 14:46:08: [OFFICIAL] ADMIN WatcH mE seteaza cvar mp_timelimit = 35 .
L 01/09/2021 - 14:46:08: [OFFICIAL] ADMIN WatcH mE seteaza cvar mp_timelimit = 0 .
L 01/09/2021 - 16:09:25: [OFFICIAL] ADMIN bUbUkIsS:* seteaza cvar mp_timelimit = 35 .
L 01/09/2021 - 16:09:26: [OFFICIAL] ADMIN bUbUkIsS:* seteaza cvar mp_timelimit = 0 .
L 01/09/2021 - 16:55:44: [OFFICIAL] ADMIN MiXtApPe seteaza cvar sv_timeout = 60 .
L 01/09/2021 - 16:55:44: [OFFICIAL] ADMIN MiXtApPe seteaza cvar sv_timeout = 999 .
L 01/09/2021 - 16:55:44: [OFFICIAL] ADMIN MiXtApPe seteaza cvar sv_timeout = 300 .
L 01/09/2021 - 16:59:51: [OFFICIAL] ADMIN bUbUkIsS:* seteaza cvar mp_timelimit = 35 .
L 01/09/2021 - 16:59:52: [OFFICIAL] ADMIN bUbUkIsS:* seteaza cvar mp_timelimit = 0 .
L 01/09/2021 - 18:48:51: [OFFICIAL] ADMIN oarba_dupa_tine seteaza cvar mp_timelimit = 35 .
L 01/09/2021 - 18:48:53: [OFFICIAL] ADMIN oarba_dupa_tine seteaza cvar mp_timelimit = 0 .
L 01/09/2021 - 19:35:00: [OFFICIAL] ADMIN bUbUkIsS:* seteaza cvar mp_timelimit = 35 .
L 01/09/2021 - 19:35:01: [OFFICIAL] ADMIN bUbUkIsS:* seteaza cvar mp_timelimit = 0 .
L 01/09/2021 - 20:12:05: [OFFICIAL] ADMIN bUbUkIsS:* seteaza cvar mp_timelimit = 35 .
L 01/09/2021 - 20:12:05: [OFFICIAL] ADMIN bUbUkIsS:* seteaza cvar mp_timelimit = 0 .
L 01/09/2021 - 20:13:40: [OFFICIAL] ADMIN MiXtApPe seteaza cvar sv_timeout = 60 .
L 01/09/2021 - 20:13:40: [OFFICIAL] ADMIN MiXtApPe seteaza cvar sv_timeout = 999 .
L 01/09/2021 - 20:13:40: [OFFICIAL] ADMIN MiXtApPe seteaza cvar sv_timeout = 300 .
L 01/10/2021 - 13:23:00: [OFFICIAL] ADMIN WatcH mE seteaza cvar mp_timelimit = 35 .
L 01/10/2021 - 13:23:00: [OFFICIAL] ADMIN WatcH mE seteaza cvar mp_timelimit = 0 .
L 01/10/2021 - 13:45:46: [OFFICIAL] ADMIN WatcH mE seteaza cvar mp_autoteambalance = 1 .
L 01/10/2021 - 14:39:38: [OFFICIAL] ADMIN WatcH mE seteaza cvar mp_timelimit = 35 .
L 01/10/2021 - 14:39:39: [OFFICIAL] ADMIN WatcH mE seteaza cvar mp_timelimit = 0 .
L 01/10/2021 - 15:54:38: [OFFICIAL] ADMIN TRENd seteaza cvar sv_restart = 3 .
L 01/10/2021 - 16:19:41: [OFFICIAL] ADMIN bUbUkIsS:* seteaza cvar mp_timelimit = 35 .
L 01/10/2021 - 16:19:41: [OFFICIAL] ADMIN bUbUkIsS:* seteaza cvar mp_timelimit = 0 .
L 01/10/2021 - 17:15:57: [OFFICIAL] ADMIN bUbUkIsS:* seteaza cvar mp_timelimit = 35 .
L 01/10/2021 - 17:15:58: [OFFICIAL] ADMIN bUbUkIsS:* seteaza cvar mp_timelimit = 0 .
L 01/10/2021 - 18:29:48: [OFFICIAL] ADMIN bUbUkIsS:* seteaza cvar mp_timelimit = 35 .
L 01/10/2021 - 18:29:48: [OFFICIAL] ADMIN bUbUkIsS:* seteaza cvar mp_timelimit = 0 .
L 01/10/2021 - 18:56:02: [OFFICIAL] ADMIN SeBaN* seteaza cvar mp_timelimit = 35 .
L 01/10/2021 - 18:56:03: [OFFICIAL] ADMIN SeBaN* seteaza cvar mp_timelimit = 0 .
L 01/10/2021 - 18:56:04: [OFFICIAL] ADMIN bUbUkIsS:* seteaza cvar mp_timelimit = 25 .
L 01/10/2021 - 18:56:05: [OFFICIAL] ADMIN bUbUkIsS:* seteaza cvar mp_timelimit = 35 .
L 01/10/2021 - 18:56:30: [OFFICIAL] ADMIN SeBaN* seteaza cvar sv_timeout = 60 .
L 01/10/2021 - 18:56:31: [OFFICIAL] ADMIN SeBaN* seteaza cvar sv_timeout = 999 .
L 01/10/2021 - 18:56:31: [OFFICIAL] ADMIN SeBaN* seteaza cvar sv_timeout = 300 .
L 01/10/2021 - 18:56:32: [OFFICIAL] ADMIN SeBaN* seteaza cvar sv_timeout = 60 .
L 01/10/2021 - 18:56:32: [OFFICIAL] ADMIN SeBaN* seteaza cvar sv_timeout = 999 .
L 01/10/2021 - 19:04:01: [OFFICIAL] ADMIN SeBaN* seteaza cvar mp_timelimit = 0 .
L 01/10/2021 - 19:29:21: [OFFICIAL] ADMIN bUbUkIsS:* seteaza cvar mp_timelimit = 35 .
L 01/10/2021 - 19:29:22: [OFFICIAL] ADMIN Osiris seteaza cvar mp_timelimit = 0 .
L 01/10/2021 - 19:29:22: [OFFICIAL] ADMIN bUbUkIsS:* seteaza cvar mp_timelimit = 25 .
L 01/10/2021 - 19:29:26: [OFFICIAL] ADMIN Osiris seteaza cvar mp_timelimit = 35 .
L 01/10/2021 - 19:32:20: [OFFICIAL] ADMIN Osiris seteaza cvar mp_timelimit = 0 .
L 01/10/2021 - 19:32:24: [OFFICIAL] ADMIN Osiris seteaza cvar mp_timelimit = 25 .
L 01/10/2021 - 20:17:41: [OFFICIAL] ADMIN bUbUkIsS:* seteaza cvar mp_timelimit = 35 .
L 01/10/2021 - 20:17:42: [OFFICIAL] ADMIN bUbUkIsS:* seteaza cvar mp_timelimit = 0 .
L 01/10/2021 - 20:39:50: [OFFICIAL] ADMIN Osiris seteaza cvar mp_timelimit = 35 .
L 01/10/2021 - 21:17:45: [OFFICIAL] ADMIN bUbUkIsS:* seteaza cvar mp_timelimit = 35 .
L 01/10/2021 - 21:40:52: [OFFICIAL] ADMIN bUbUkIsS:* seteaza cvar mp_timelimit = 35 .
L 01/10/2021 - 22:10:24: [OFFICIAL] ADMIN DaN'EllA seteaza cvar sv_unlag = 0 .
L 01/10/2021 - 22:10:25: [OFFICIAL] ADMIN DaN'EllA seteaza cvar sv_unlag = 1 .
L 01/10/2021 - 22:10:26: [OFFICIAL] ADMIN DaN'EllA seteaza cvar sv_maxunlag = 0.1 .
L 01/10/2021 - 22:10:26: [OFFICIAL] ADMIN DaN'EllA seteaza cvar sv_maxunlag = 0.5 .
L 01/10/2021 - 22:10:26: [OFFICIAL] ADMIN DaN'EllA seteaza cvar sv_maxunlag = 1 .
L 01/10/2021 - 22:10:27: [OFFICIAL] ADMIN DaN'EllA seteaza cvar sv_maxunlag = 1.5 .
L 01/10/2021 - 22:27:12: [OFFICIAL] ADMIN TRENd seteaza cvar sv_unlag = 0 .
L 01/10/2021 - 22:27:14: [OFFICIAL] ADMIN TRENd seteaza cvar sv_unlag = 1 .
L 01/10/2021 - 22:27:16: [OFFICIAL] ADMIN TRENd seteaza cvar sv_unlag = 0 .
L 01/10/2021 - 22:27:16: [OFFICIAL] ADMIN TRENd seteaza cvar sv_unlag = 1 .
L 01/10/2021 - 23:09:00: [OFFICIAL] ADMIN SeBaN* seteaza cvar sv_unlag = 0 .
L 01/10/2021 - 23:09:02: [OFFICIAL] ADMIN SeBaN* seteaza cvar sv_maxunlag = 0.1 .
L 01/10/2021 - 23:09:02: [OFFICIAL] ADMIN SeBaN* seteaza cvar sv_maxunlag = 0.5 .
L 01/10/2021 - 23:09:03: [OFFICIAL] ADMIN SeBaN* seteaza cvar sv_maxunlag = 1 .
L 01/10/2021 - 23:09:16: [OFFICIAL] ADMIN SeBaN* seteaza cvar sv_maxunlag = 1.5 .
L 01/10/2021 - 23:11:51: [OFFICIAL] ADMIN SeBaN* seteaza cvar sv_restart = 3 .
L 01/11/2021 - 12:08:53: [OFFICIAL] ADMIN fyzt1C seteaza cvar mp_timelimit = 35 .
L 01/11/2021 - 12:08:55: [OFFICIAL] ADMIN fyzt1C seteaza cvar mp_timelimit = 0 .
L 01/11/2021 - 13:02:50: [OFFICIAL] ADMIN bUbUkIsS:* seteaza cvar sv_restart = 3 .
L 01/11/2021 - 13:02:51: [OFFICIAL] ADMIN bUbUkIsS:* seteaza cvar sv_restart = 3 .
L 01/11/2021 - 13:02:56: [OFFICIAL] ADMIN bUbUkIsS:* seteaza cvar mp_timelimit = 25 .
L 01/11/2021 - 13:02:58: [OFFICIAL] ADMIN bUbUkIsS:* seteaza cvar mp_timelimit = 35 .
L 01/11/2021 - 13:02:59: [OFFICIAL] ADMIN bUbUkIsS:* seteaza cvar mp_timelimit = 0 .
L 01/11/2021 - 13:03:14: [OFFICIAL] ADMIN bUbUkIsS:* seteaza cvar sv_unlag = 0 .
L 01/11/2021 - 13:03:16: [OFFICIAL] ADMIN bUbUkIsS:* seteaza cvar sv_unlag = 1 .
L 01/11/2021 - 13:03:24: [OFFICIAL] ADMIN bUbUkIsS:* seteaza cvar sv_maxunlag = 0.1 .
L 01/11/2021 - 13:03:24: [OFFICIAL] ADMIN bUbUkIsS:* seteaza cvar sv_maxunlag = 0.5 .
L 01/11/2021 - 13:03:25: [OFFICIAL] ADMIN bUbUkIsS:* seteaza cvar sv_maxunlag = 1 .
L 01/11/2021 - 13:03:25: [OFFICIAL] ADMIN bUbUkIsS:* seteaza cvar sv_maxunlag = 1.5 .
L 01/11/2021 - 13:03:25: [OFFICIAL] ADMIN bUbUkIsS:* seteaza cvar sv_maxunlag = 0.1 .
L 01/11/2021 - 13:03:26: [OFFICIAL] ADMIN bUbUkIsS:* seteaza cvar sv_maxunlag = 0.5 .
L 01/11/2021 - 13:03:27: [OFFICIAL] ADMIN bUbUkIsS:* seteaza cvar sv_maxunlag = 1 .
L 01/11/2021 - 13:03:27: [OFFICIAL] ADMIN bUbUkIsS:* seteaza cvar sv_maxunlag = 1.5 .
L 01/11/2021 - 13:44:56: [OFFICIAL] ADMIN fyzt1C seteaza cvar sv_restart = 3 .
L 01/11/2021 - 15:22:28: [OFFICIAL] ADMIN fyzt1C seteaza cvar mp_timelimit = 35 .
L 01/11/2021 - 15:22:28: [OFFICIAL] ADMIN fyzt1C seteaza cvar mp_timelimit = 0 .
L 01/11/2021 - 16:24:33: [OFFICIAL] ADMIN Osiris seteaza cvar mp_autoteambalance = 1 .
L 01/11/2021 - 16:24:36: [OFFICIAL] ADMIN Osiris seteaza cvar sv_maxunlag = 0.1 .
L 01/11/2021 - 16:24:36: [OFFICIAL] ADMIN Osiris seteaza cvar sv_maxunlag = 0.5 .
L 01/11/2021 - 16:24:36: [OFFICIAL] ADMIN Osiris seteaza cvar sv_maxunlag = 1 .
L 01/11/2021 - 16:24:36: [OFFICIAL] ADMIN Osiris seteaza cvar sv_maxunlag = 1.5 .
L 01/11/2021 - 16:24:38: [OFFICIAL] ADMIN Osiris seteaza cvar sv_unlag = 0 .
L 01/11/2021 - 16:24:38: [OFFICIAL] ADMIN Osiris seteaza cvar sv_unlag = 1 .
L 01/11/2021 - 16:50:10: [OFFICIAL] ADMIN fyzt1C seteaza cvar mp_timelimit = 35 .
L 01/11/2021 - 16:50:14: [OFFICIAL] ADMIN fyzt1C seteaza cvar sv_unlag = 0 .
L 01/11/2021 - 16:50:15: [OFFICIAL] ADMIN fyzt1C seteaza cvar sv_unlag = 1 .
L 01/11/2021 - 16:54:21: [OFFICIAL] ADMIN fyzt1C seteaza cvar sv_restart = 3 .
L 01/11/2021 - 17:19:26: [OFFICIAL] ADMIN WatcH mE seteaza cvar sv_unlag = 0 .
L 01/11/2021 - 17:19:27: [OFFICIAL] ADMIN WatcH mE seteaza cvar sv_unlag = 1 .
L 01/11/2021 - 17:19:27: [OFFICIAL] ADMIN WatcH mE seteaza cvar sv_unlag = 0 .
L 01/11/2021 - 17:19:28: [OFFICIAL] ADMIN WatcH mE seteaza cvar sv_unlag = 1 .
L 01/11/2021 - 17:19:28: [OFFICIAL] ADMIN WatcH mE seteaza cvar sv_unlag = 0 .
L 01/11/2021 - 17:28:07: [OFFICIAL] ADMIN bUbUkIsS:* seteaza cvar sv_unlag = 0 .
L 01/11/2021 - 17:28:08: [OFFICIAL] ADMIN bUbUkIsS:* seteaza cvar sv_unlag = 1 .
L 01/11/2021 - 17:28:15: [OFFICIAL] ADMIN bUbUkIsS:* seteaza cvar sv_maxunlag = 0.1 .
L 01/11/2021 - 17:28:15: [OFFICIAL] ADMIN bUbUkIsS:* seteaza cvar sv_maxunlag = 0.5 .
L 01/11/2021 - 17:28:16: [OFFICIAL] ADMIN bUbUkIsS:* seteaza cvar sv_maxunlag = 1 .
L 01/11/2021 - 17:28:16: [OFFICIAL] ADMIN bUbUkIsS:* seteaza cvar sv_maxunlag = 1.5 .
L 01/11/2021 - 17:54:33: [OFFICIAL] ADMIN Osiris seteaza cvar mp_autoteambalance = 1 .
L 01/11/2021 - 18:10:19: [OFFICIAL] ADMIN bUbUkIsS:* seteaza cvar mp_timelimit = 35 .
L 01/11/2021 - 18:14:55: [OFFICIAL] ADMIN bUbUkIsS:* seteaza cvar sv_unlag = 0 .
L 01/11/2021 - 18:14:56: [OFFICIAL] ADMIN bUbUkIsS:* seteaza cvar sv_unlag = 1 .
L 01/11/2021 - 18:14:58: [OFFICIAL] ADMIN bUbUkIsS:* seteaza cvar sv_maxunlag = 0.1 .
L 01/11/2021 - 18:14:58: [OFFICIAL] ADMIN bUbUkIsS:* seteaza cvar sv_maxunlag = 0.5 .
L 01/11/2021 - 18:14:59: [OFFICIAL] ADMIN bUbUkIsS:* seteaza cvar sv_maxunlag = 1 .
L 01/11/2021 - 18:15:00: [OFFICIAL] ADMIN bUbUkIsS:* seteaza cvar sv_maxunlag = 1.5 .
L 01/11/2021 - 18:15:44: [OFFICIAL] ADMIN Osiris seteaza cvar mp_autoteambalance = 1 .
L 01/11/2021 - 19:32:00: [OFFICIAL] ADMIN Mr.Heineken seteaza cvar mp_timelimit = 35 .
L 01/11/2021 - 19:32:00: [OFFICIAL] ADMIN Mr.Heineken seteaza cvar mp_timelimit = 0 .
L 01/11/2021 - 19:32:09: [OFFICIAL] ADMIN Mr.Heineken seteaza cvar mp_timelimit = 35 .
L 01/11/2021 - 19:32:10: [OFFICIAL] ADMIN Mr.Heineken seteaza cvar mp_timelimit = 0 .
L 01/11/2021 - 20:04:46: [OFFICIAL] ADMIN SeBaN* seteaza cvar mp_autoteambalance = 1 .
L 01/11/2021 - 20:04:49: [OFFICIAL] ADMIN SeBaN* seteaza cvar sv_unlag = 0 .
L 01/11/2021 - 20:04:49: [OFFICIAL] ADMIN SeBaN* seteaza cvar sv_unlag = 1 .
L 01/11/2021 - 20:04:51: [OFFICIAL] ADMIN SeBaN* seteaza cvar sv_maxunlag = 0.1 .
L 01/11/2021 - 20:04:51: [OFFICIAL] ADMIN SeBaN* seteaza cvar sv_maxunlag = 0.5 .
L 01/11/2021 - 20:04:51: [OFFICIAL] ADMIN SeBaN* seteaza cvar sv_maxunlag = 1 .
L 01/11/2021 - 20:04:52: [OFFICIAL] ADMIN SeBaN* seteaza cvar sv_maxunlag = 1.5 .
L 01/11/2021 - 20:04:54: [OFFICIAL] ADMIN SeBaN* seteaza cvar sv_timeout = 300 .
L 01/11/2021 - 20:04:54: [OFFICIAL] ADMIN SeBaN* seteaza cvar sv_timeout = 60 .
L 01/11/2021 - 20:04:55: [OFFICIAL] ADMIN SeBaN* seteaza cvar sv_timeout = 999 .
L 01/11/2021 - 21:09:19: [OFFICIAL] ADMIN Osiris seteaza cvar mp_autoteambalance = 1 .
L 01/11/2021 - 21:09:19: [OFFICIAL] ADMIN Osiris seteaza cvar mp_timelimit = 35 .
L 01/11/2021 - 21:13:08: [OFFICIAL] ADMIN blioshele seteaza cvar mp_autoteambalance = 0 .
L 01/11/2021 - 23:08:50: [OFFICIAL] ADMIN Osiris seteaza cvar mp_autoteambalance = 1 .
L 01/12/2021 - 11:23:02: [OFFICIAL] ADMIN SeBaN* seteaza cvar mp_timelimit = 35 .
L 01/12/2021 - 11:23:02: [OFFICIAL] ADMIN SeBaN* seteaza cvar mp_timelimit = 0 .
L 01/12/2021 - 12:05:46: [OFFICIAL] ADMIN SeBaN* seteaza cvar mp_timelimit = 35 .
L 01/12/2021 - 12:05:46: [OFFICIAL] ADMIN SeBaN* seteaza cvar mp_timelimit = 0 .
L 01/12/2021 - 14:35:01: [OFFICIAL] ADMIN SeBaN* seteaza cvar mp_timelimit = 35 .
L 01/12/2021 - 14:35:01: [OFFICIAL] ADMIN SeBaN* seteaza cvar mp_timelimit = 0 .
L 01/12/2021 - 14:35:01: [OFFICIAL] ADMIN SeBaN* seteaza cvar mp_timelimit = 25 .
L 01/12/2021 - 14:35:02: [OFFICIAL] ADMIN SeBaN* seteaza cvar mp_timelimit = 35 .
L 01/12/2021 - 14:35:02: [OFFICIAL] ADMIN SeBaN* seteaza cvar mp_timelimit = 0 .
L 01/12/2021 - 14:35:05: [OFFICIAL] ADMIN SeBaN* seteaza cvar mp_autoteambalance = 1 .
L 01/12/2021 - 15:15:24: [OFFICIAL] ADMIN fyzt1C seteaza cvar sv_restart = 3 .
L 01/12/2021 - 16:17:30: [OFFICIAL] ADMIN Osiris seteaza cvar mp_timelimit = 35 .
L 01/12/2021 - 16:17:30: [OFFICIAL] ADMIN Osiris seteaza cvar mp_autoteambalance = 1 .
L 01/12/2021 - 16:39:37: [OFFICIAL] ADMIN SeBaN* seteaza cvar mp_timelimit = 35 .
L 01/12/2021 - 18:26:10: [OFFICIAL] ADMIN SeBaN* seteaza cvar mp_timelimit = 35 .
L 01/12/2021 - 19:10:31: [OFFICIAL] ADMIN TRENd seteaza cvar mp_timelimit = 35 .
L 01/12/2021 - 19:10:32: [OFFICIAL] ADMIN TRENd seteaza cvar mp_timelimit = 0 .
L 01/12/2021 - 19:10:32: [OFFICIAL] ADMIN TRENd seteaza cvar mp_timelimit = 25 .
L 01/12/2021 - 23:35:40: [OFFICIAL] ADMIN Osiris seteaza cvar mp_autoteambalance = 1 .
L 01/13/2021 - 00:30:52: [OFFICIAL] ADMIN Osiris seteaza cvar sv_restart = 3 .
L 01/13/2021 - 11:30:23: [OFFICIAL] ADMIN fyzt1C seteaza cvar mp_timelimit = 35 .
L 01/13/2021 - 11:30:23: [OFFICIAL] ADMIN fyzt1C seteaza cvar mp_timelimit = 0 .
L 01/13/2021 - 12:17:29: [OFFICIAL] ADMIN fyzt1C seteaza cvar sv_restart = 3 .
L 01/13/2021 - 13:56:49: [OFFICIAL] ADMIN oarba_dupa_tine seteaza cvar mp_timelimit = 35 .
L 01/13/2021 - 13:56:50: [OFFICIAL] ADMIN oarba_dupa_tine seteaza cvar mp_timelimit = 0 .
L 01/13/2021 - 15:42:12: [OFFICIAL] ADMIN fyzt1C seteaza cvar sv_timeout = 60 .
L 01/13/2021 - 15:42:12: [OFFICIAL] ADMIN fyzt1C seteaza cvar sv_timeout = 999 .
L 01/13/2021 - 16:09:07: [OFFICIAL] ADMIN fyzt1C seteaza cvar sv_timeout = 60 .
L 01/13/2021 - 16:09:08: [OFFICIAL] ADMIN fyzt1C seteaza cvar sv_timeout = 999 .
L 01/13/2021 - 16:09:08: [OFFICIAL] ADMIN fyzt1C seteaza cvar sv_timeout = 300 .
L 01/13/2021 - 16:09:09: [OFFICIAL] ADMIN fyzt1C seteaza cvar sv_timeout = 60 .
L 01/13/2021 - 16:09:09: [OFFICIAL] ADMIN fyzt1C seteaza cvar sv_timeout = 999 .
L 01/13/2021 - 18:13:32: [OFFICIAL] ADMIN fyzt1C seteaza cvar mp_freezetime = 2 .
L 01/13/2021 - 19:04:42: [OFFICIAL] ADMIN fyzt1C seteaza cvar mp_timelimit = 35 .
L 01/13/2021 - 19:04:42: [OFFICIAL] ADMIN fyzt1C seteaza cvar mp_timelimit = 0 .
L 01/13/2021 - 20:48:08: [OFFICIAL] ADMIN SeBaN* seteaza cvar mp_timelimit = 35 .
L 01/13/2021 - 20:50:37: [OFFICIAL] ADMIN SeBaN* seteaza cvar mp_timelimit = 35 .
L 01/13/2021 - 20:50:40: [OFFICIAL] ADMIN SeBaN* seteaza cvar mp_autoteambalance = 1 .
L 01/13/2021 - 20:50:44: [OFFICIAL] ADMIN SeBaN* seteaza cvar sv_unlag = 0 .
L 01/13/2021 - 20:50:44: [OFFICIAL] ADMIN SeBaN* seteaza cvar sv_unlag = 1 .
L 01/13/2021 - 20:50:45: [OFFICIAL] ADMIN SeBaN* seteaza cvar sv_maxunlag = 0.1 .
L 01/13/2021 - 20:50:45: [OFFICIAL] ADMIN SeBaN* seteaza cvar sv_maxunlag = 0.5 .
L 01/13/2021 - 20:50:46: [OFFICIAL] ADMIN SeBaN* seteaza cvar sv_maxunlag = 1 .
L 01/13/2021 - 20:50:46: [OFFICIAL] ADMIN SeBaN* seteaza cvar sv_maxunlag = 1.5 .
L 01/13/2021 - 20:50:51: [OFFICIAL] ADMIN SeBaN* seteaza cvar sv_timeout = 60 .
L 01/13/2021 - 20:50:51: [OFFICIAL] ADMIN SeBaN* seteaza cvar sv_timeout = 999 .
L 01/13/2021 - 21:27:38: [OFFICIAL] ADMIN SeBaN* seteaza cvar mp_timelimit = 35 .
L 01/13/2021 - 21:27:42: [OFFICIAL] ADMIN SeBaN* seteaza cvar mp_autoteambalance = 1 .
L 01/13/2021 - 21:27:45: [OFFICIAL] ADMIN SeBaN* seteaza cvar sv_maxunlag = 0.1 .
L 01/13/2021 - 21:27:45: [OFFICIAL] ADMIN SeBaN* seteaza cvar sv_maxunlag = 0.5 .
L 01/13/2021 - 21:27:46: [OFFICIAL] ADMIN SeBaN* seteaza cvar sv_maxunlag = 1 .
L 01/13/2021 - 21:27:46: [OFFICIAL] ADMIN SeBaN* seteaza cvar sv_maxunlag = 1.5 .
L 01/13/2021 - 21:27:50: [OFFICIAL] ADMIN SeBaN* seteaza cvar sv_timeout = 60 .
L 01/13/2021 - 21:27:50: [OFFICIAL] ADMIN SeBaN* seteaza cvar sv_timeout = 999 .
L 01/14/2021 - 11:16:15: [OFFICIAL] ADMIN SeBaN* seteaza cvar mp_timelimit = 35 .
L 01/14/2021 - 11:16:15: [OFFICIAL] ADMIN SeBaN* seteaza cvar mp_timelimit = 0 .
L 01/14/2021 - 11:52:51: [OFFICIAL] ADMIN fyzt1C seteaza cvar sv_restart = 3 .
L 01/14/2021 - 12:19:36: [OFFICIAL] ADMIN fyzt1C seteaza cvar sv_restart = 3 .
L 01/14/2021 - 13:56:02: [OFFICIAL] ADMIN bUbUkIsS:* seteaza cvar mp_timelimit = 35 .
L 01/14/2021 - 13:56:03: [OFFICIAL] ADMIN bUbUkIsS:* seteaza cvar mp_timelimit = 0 .
L 01/14/2021 - 14:40:27: [OFFICIAL] ADMIN fyzt1C seteaza cvar sv_restart = 3 .
L 01/14/2021 - 14:59:10: [OFFICIAL] ADMIN fyzt1C seteaza cvar sv_timeout = 60 .
L 01/14/2021 - 14:59:10: [OFFICIAL] ADMIN fyzt1C seteaza cvar sv_timeout = 999 .
L 01/14/2021 - 16:11:38: [OFFICIAL] ADMIN bUbUkIsS:* seteaza cvar mp_timelimit = 35 .
L 01/14/2021 - 17:32:59: [OFFICIAL] ADMIN fyzt1C seteaza cvar mp_timelimit = 35 .
L 01/14/2021 - 17:32:59: [OFFICIAL] ADMIN fyzt1C seteaza cvar mp_timelimit = 0 .
L 01/14/2021 - 23:44:33: [OFFICIAL] ADMIN Osiris seteaza cvar sv_unlag = 0 .
L 01/14/2021 - 23:44:33: [OFFICIAL] ADMIN Osiris seteaza cvar sv_unlag = 1 .
L 01/14/2021 - 23:44:38: [OFFICIAL] ADMIN Osiris seteaza cvar sv_maxunlag = 0.1 .
L 01/14/2021 - 23:44:39: [OFFICIAL] ADMIN Osiris seteaza cvar sv_maxunlag = 0.5 .
L 01/14/2021 - 23:44:39: [OFFICIAL] ADMIN Osiris seteaza cvar sv_maxunlag = 1 .
L 01/14/2021 - 23:44:39: [OFFICIAL] ADMIN Osiris seteaza cvar sv_maxunlag = 1.5 .
L 01/14/2021 - 23:52:49: [OFFICIAL] ADMIN Didi seteaza cvar sv_restart = 3 .
L 01/14/2021 - 23:52:52: [OFFICIAL] ADMIN Didi seteaza cvar sv_restart = 3 .
L 01/14/2021 - 23:57:38: [OFFICIAL] ADMIN Osiris seteaza cvar mp_autoteambalance = 1 .
L 01/15/2021 - 11:06:36: [OFFICIAL] ADMIN bUbUkIsS:* seteaza cvar mp_timelimit = 35 .
L 01/15/2021 - 11:06:37: [OFFICIAL] ADMIN bUbUkIsS:* seteaza cvar mp_timelimit = 0 .
L 01/15/2021 - 12:07:05: [OFFICIAL] ADMIN bUbUkIsS:* seteaza cvar mp_timelimit = 35 .
L 01/15/2021 - 12:07:06: [OFFICIAL] ADMIN bUbUkIsS:* seteaza cvar mp_timelimit = 0 .
L 01/15/2021 - 13:24:52: [OFFICIAL] ADMIN bUbUkIsS:* seteaza cvar mp_timelimit = 35 .
L 01/15/2021 - 13:24:53: [OFFICIAL] ADMIN bUbUkIsS:* seteaza cvar mp_timelimit = 0 .
L 01/15/2021 - 14:14:44: [OFFICIAL] ADMIN bUbUkIsS:* seteaza cvar mp_timelimit = 35 .
L 01/15/2021 - 15:03:45: [OFFICIAL] ADMIN DaN'EllA seteaza cvar mp_timelimit = 35 .
L 01/15/2021 - 15:03:45: [OFFICIAL] ADMIN DaN'EllA seteaza cvar mp_timelimit = 0 .
L 01/15/2021 - 16:21:33: [OFFICIAL] ADMIN bUbUkIsS:* seteaza cvar mp_timelimit = 35 .
L 01/15/2021 - 16:46:27: [OFFICIAL] ADMIN bUbUkIsS:* seteaza cvar mp_timelimit = 35 .
L 01/15/2021 - 17:09:46: [OFFICIAL] ADMIN bUbUkIsS:* seteaza cvar mp_timelimit = 35 .
L 01/15/2021 - 17:12:48: [OFFICIAL] ADMIN fyzt1C seteaza cvar mp_freezetime = 5 .
L 01/15/2021 - 17:12:48: [OFFICIAL] ADMIN SeBaN* seteaza cvar mp_freezetime = 0 .
L 01/15/2021 - 17:12:48: [OFFICIAL] ADMIN fyzt1C seteaza cvar mp_freezetime = 2 .
L 01/15/2021 - 17:12:49: [OFFICIAL] ADMIN SeBaN* seteaza cvar mp_freezetime = 5 .
L 01/15/2021 - 17:12:50: [OFFICIAL] ADMIN SeBaN* seteaza cvar mp_freezetime = 0 .
L 01/15/2021 - 17:34:43: [OFFICIAL] ADMIN fyzt1C seteaza cvar sv_restart = 3 .
L 01/15/2021 - 17:37:54: [OFFICIAL] ADMIN fyzt1C seteaza cvar mp_freezetime = 2 .
L 01/15/2021 - 17:37:55: [OFFICIAL] ADMIN fyzt1C seteaza cvar mp_freezetime = 5 .
L 01/15/2021 - 17:38:02: [OFFICIAL] ADMIN fyzt1C seteaza cvar sv_timeout = 60 .
L 01/15/2021 - 17:38:02: [OFFICIAL] ADMIN fyzt1C seteaza cvar sv_timeout = 999 .
L 01/15/2021 - 17:40:50: [OFFICIAL] ADMIN fyzt1C seteaza cvar mp_freezetime = 0 .
L 01/15/2021 - 17:40:50: [OFFICIAL] ADMIN fyzt1C seteaza cvar mp_freezetime = 2 .
L 01/15/2021 - 17:55:31: [OFFICIAL] ADMIN bUbUkIsS:* seteaza cvar mp_timelimit = 35 .
L 01/15/2021 - 17:58:04: [OFFICIAL] ADMIN WatcH mE seteaza cvar sv_maxunlag = 0.1 .
L 01/15/2021 - 17:58:05: [OFFICIAL] ADMIN WatcH mE seteaza cvar sv_maxunlag = 0.5 .
L 01/15/2021 - 17:58:05: [OFFICIAL] ADMIN WatcH mE seteaza cvar sv_maxunlag = 1 .
L 01/15/2021 - 17:58:06: [OFFICIAL] ADMIN WatcH mE seteaza cvar sv_maxunlag = 1.5 .
L 01/15/2021 - 17:58:07: [OFFICIAL] ADMIN WatcH mE seteaza cvar sv_maxunlag = 0.1 .
L 01/15/2021 - 18:43:23: [OFFICIAL] ADMIN bUbUkIsS:* seteaza cvar mp_timelimit = 35 .
L 01/15/2021 - 19:07:42: [OFFICIAL] ADMIN WatcH mE seteaza cvar sv_maxunlag = 0.1 .
L 01/15/2021 - 19:07:43: [OFFICIAL] ADMIN WatcH mE seteaza cvar sv_maxunlag = 0.5 .
L 01/15/2021 - 19:07:43: [OFFICIAL] ADMIN WatcH mE seteaza cvar sv_maxunlag = 1 .
L 01/15/2021 - 19:07:43: [OFFICIAL] ADMIN WatcH mE seteaza cvar sv_maxunlag = 1.5 .
L 01/15/2021 - 19:07:43: [OFFICIAL] ADMIN WatcH mE seteaza cvar sv_maxunlag = 0.1 .
L 01/15/2021 - 19:07:44: [OFFICIAL] ADMIN WatcH mE seteaza cvar sv_maxunlag = 0.5 .
L 01/15/2021 - 19:07:44: [OFFICIAL] ADMIN WatcH mE seteaza cvar sv_maxunlag = 1 .
L 01/15/2021 - 19:07:44: [OFFICIAL] ADMIN WatcH mE seteaza cvar sv_maxunlag = 1.5 .
L 01/15/2021 - 19:07:44: [OFFICIAL] ADMIN WatcH mE seteaza cvar sv_maxunlag = 0.1 .
L 01/15/2021 - 19:07:45: [OFFICIAL] ADMIN WatcH mE seteaza cvar sv_maxunlag = 0.5 .
L 01/15/2021 - 19:07:46: [OFFICIAL] ADMIN WatcH mE seteaza cvar sv_maxunlag = 1 .
L 01/15/2021 - 19:07:46: [OFFICIAL] ADMIN WatcH mE seteaza cvar sv_maxunlag = 1.5 .
L 01/15/2021 - 19:07:47: [OFFICIAL] ADMIN WatcH mE seteaza cvar sv_maxunlag = 0.1 .
L 01/15/2021 - 19:07:47: [OFFICIAL] ADMIN WatcH mE seteaza cvar sv_maxunlag = 0.5 .
L 01/15/2021 - 19:07:48: [OFFICIAL] ADMIN WatcH mE seteaza cvar sv_maxunlag = 1 .
L 01/15/2021 - 19:07:48: [OFFICIAL] ADMIN WatcH mE seteaza cvar sv_maxunlag = 1.5 .
L 01/15/2021 - 19:07:48: [OFFICIAL] ADMIN WatcH mE seteaza cvar sv_maxunlag = 0.1 .
L 01/15/2021 - 19:07:49: [OFFICIAL] ADMIN WatcH mE seteaza cvar sv_maxunlag = 0.5 .
L 01/15/2021 - 19:07:49: [OFFICIAL] ADMIN WatcH mE seteaza cvar sv_maxunlag = 1 .
L 01/15/2021 - 19:07:50: [OFFICIAL] ADMIN WatcH mE seteaza cvar sv_maxunlag = 1.5 .
L 01/15/2021 - 19:07:50: [OFFICIAL] ADMIN WatcH mE seteaza cvar sv_maxunlag = 0.1 .
L 01/15/2021 - 19:41:50: [OFFICIAL] ADMIN SeBaN* seteaza cvar mp_autoteambalance = 1 .
L 01/15/2021 - 20:03:07: [OFFICIAL] ADMIN SeBaN* seteaza cvar mp_autoteambalance = 1 .
L 01/15/2021 - 20:03:09: [OFFICIAL] ADMIN SeBaN* seteaza cvar mp_timelimit = 35 .
L 01/15/2021 - 20:03:09: [OFFICIAL] ADMIN SeBaN* seteaza cvar mp_timelimit = 0 .
L 01/15/2021 - 20:03:11: [OFFICIAL] ADMIN SeBaN* seteaza cvar sv_unlag = 0 .
L 01/15/2021 - 20:03:12: [OFFICIAL] ADMIN SeBaN* seteaza cvar sv_unlag = 1 .
L 01/15/2021 - 20:03:12: [OFFICIAL] ADMIN SeBaN* seteaza cvar sv_maxunlag = 0.1 .
L 01/15/2021 - 20:03:13: [OFFICIAL] ADMIN SeBaN* seteaza cvar sv_maxunlag = 0.5 .
L 01/15/2021 - 20:03:13: [OFFICIAL] ADMIN SeBaN* seteaza cvar sv_maxunlag = 1 .
L 01/15/2021 - 20:03:13: [OFFICIAL] ADMIN SeBaN* seteaza cvar sv_maxunlag = 1.5 .
L 01/15/2021 - 20:03:16: [OFFICIAL] ADMIN SeBaN* seteaza cvar sv_timeout = 60 .
L 01/15/2021 - 20:03:16: [OFFICIAL] ADMIN SeBaN* seteaza cvar sv_timeout = 999 .
L 01/16/2021 - 00:34:45: [OFFICIAL] ADMIN oarba_dupa_tine seteaza cvar sv_restart = 3 .
L 01/16/2021 - 01:09:02: [OFFICIAL] ADMIN TRENd seteaza cvar sv_restart = 3 .
L 01/16/2021 - 11:56:34: [OFFICIAL] ADMIN bUbUkIsS:* seteaza cvar mp_timelimit = 35 .
L 01/16/2021 - 11:56:35: [OFFICIAL] ADMIN bUbUkIsS:* seteaza cvar mp_timelimit = 0 .
L 01/16/2021 - 11:59:39: [OFFICIAL] ADMIN bUbUkIsS:* seteaza cvar sv_unlag = 0 .
L 01/16/2021 - 11:59:40: [OFFICIAL] ADMIN bUbUkIsS:* seteaza cvar sv_unlag = 1 .
L 01/16/2021 - 11:59:43: [OFFICIAL] ADMIN bUbUkIsS:* seteaza cvar sv_maxunlag = 0.1 .
L 01/16/2021 - 11:59:43: [OFFICIAL] ADMIN bUbUkIsS:* seteaza cvar sv_maxunlag = 0.5 .
L 01/16/2021 - 11:59:44: [OFFICIAL] ADMIN bUbUkIsS:* seteaza cvar sv_maxunlag = 1 .
L 01/16/2021 - 11:59:44: [OFFICIAL] ADMIN bUbUkIsS:* seteaza cvar sv_maxunlag = 1.5 .
L 01/16/2021 - 12:24:09: [OFFICIAL] ADMIN bUbUkIsS:* seteaza cvar sv_unlag = 0 .
L 01/16/2021 - 12:24:12: [OFFICIAL] ADMIN bUbUkIsS:* seteaza cvar sv_unlag = 1 .
L 01/16/2021 - 12:24:14: [OFFICIAL] ADMIN bUbUkIsS:* seteaza cvar sv_maxunlag = 0.1 .
L 01/16/2021 - 12:24:15: [OFFICIAL] ADMIN bUbUkIsS:* seteaza cvar sv_maxunlag = 0.5 .
L 01/16/2021 - 12:24:15: [OFFICIAL] ADMIN bUbUkIsS:* seteaza cvar sv_maxunlag = 1 .
L 01/16/2021 - 12:24:15: [OFFICIAL] ADMIN bUbUkIsS:* seteaza cvar sv_maxunlag = 1.5 .
L 01/16/2021 - 12:24:28: [OFFICIAL] ADMIN bUbUkIsS:* seteaza cvar sv_timeout = 60 .
L 01/16/2021 - 12:24:28: [OFFICIAL] ADMIN bUbUkIsS:* seteaza cvar sv_timeout = 999 .
L 01/16/2021 - 12:24:29: [OFFICIAL] ADMIN bUbUkIsS:* seteaza cvar sv_timeout = 300 .
L 01/16/2021 - 13:58:27: [OFFICIAL] ADMIN bUbUkIsS:* seteaza cvar sv_unlag = 0 .
L 01/16/2021 - 13:58:28: [OFFICIAL] ADMIN bUbUkIsS:* seteaza cvar sv_unlag = 1 .
L 01/16/2021 - 13:58:30: [OFFICIAL] ADMIN bUbUkIsS:* seteaza cvar sv_maxunlag = 0.1 .
L 01/16/2021 - 13:58:31: [OFFICIAL] ADMIN bUbUkIsS:* seteaza cvar sv_maxunlag = 0.5 .
L 01/16/2021 - 13:58:31: [OFFICIAL] ADMIN bUbUkIsS:* seteaza cvar sv_maxunlag = 1 .
L 01/16/2021 - 13:58:31: [OFFICIAL] ADMIN bUbUkIsS:* seteaza cvar sv_maxunlag = 1.5 .
L 01/16/2021 - 14:10:42: [OFFICIAL] ADMIN bUbUkIsS:* seteaza cvar mp_timelimit = 35 .
L 01/16/2021 - 14:10:42: [OFFICIAL] ADMIN bUbUkIsS:* seteaza cvar mp_timelimit = 0 .
L 01/16/2021 - 15:25:21: [OFFICIAL] ADMIN Andreea. seteaza cvar mp_timelimit = 35 .
L 01/16/2021 - 15:25:22: [OFFICIAL] ADMIN Andreea. seteaza cvar mp_timelimit = 0 .
L 01/16/2021 - 15:51:58: [OFFICIAL] ADMIN Osiris seteaza cvar mp_timelimit = 35 .
L 01/16/2021 - 15:51:59: [OFFICIAL] ADMIN Osiris seteaza cvar mp_timelimit = 0 .
L 01/16/2021 - 15:52:00: [OFFICIAL] ADMIN Osiris seteaza cvar mp_autoteambalance = 1 .
L 01/16/2021 - 16:54:23: [OFFICIAL] ADMIN fyzt1C seteaza cvar mp_autoteambalance = 1 .
L 01/16/2021 - 17:16:33: [OFFICIAL] ADMIN fyzt1C seteaza cvar sv_timeout = 60 .
L 01/16/2021 - 17:16:33: [OFFICIAL] ADMIN fyzt1C seteaza cvar sv_timeout = 999 .
L 01/16/2021 - 17:55:11: [OFFICIAL] ADMIN fyzt1C seteaza cvar mp_timelimit = 35 .
L 01/16/2021 - 19:49:46: [OFFICIAL] ADMIN TRENd seteaza cvar mp_autoteambalance = 1 .
L 01/16/2021 - 19:49:48: [OFFICIAL] ADMIN TRENd seteaza cvar mp_autoteambalance = 0 .
L 01/16/2021 - 19:49:48: [OFFICIAL] ADMIN TRENd seteaza cvar mp_autoteambalance = 1 .
L 01/16/2021 - 19:49:55: [OFFICIAL] ADMIN TRENd seteaza cvar sv_unlag = 0 .
L 01/16/2021 - 19:49:56: [OFFICIAL] ADMIN TRENd seteaza cvar sv_unlag = 1 .
L 01/16/2021 - 20:24:14: [OFFICIAL] ADMIN TRENd seteaza cvar sv_unlag = 0 .
L 01/16/2021 - 20:24:15: [OFFICIAL] ADMIN TRENd seteaza cvar sv_unlag = 1 .
L 01/16/2021 - 20:24:23: [OFFICIAL] ADMIN TRENd seteaza cvar sv_maxunlag = 0.1 .
L 01/16/2021 - 20:24:24: [OFFICIAL] ADMIN TRENd seteaza cvar sv_maxunlag = 0.5 .
L 01/16/2021 - 20:24:24: [OFFICIAL] ADMIN TRENd seteaza cvar sv_maxunlag = 1 .
L 01/16/2021 - 20:24:26: [OFFICIAL] ADMIN TRENd seteaza cvar sv_maxunlag = 1.5 .
L 01/16/2021 - 22:41:03: [OFFICIAL] ADMIN bUbUkIsS:* seteaza cvar sv_unlag = 0 .
L 01/16/2021 - 22:41:04: [OFFICIAL] ADMIN bUbUkIsS:* seteaza cvar sv_unlag = 1 .
L 01/16/2021 - 22:41:11: [OFFICIAL] ADMIN bUbUkIsS:* seteaza cvar sv_maxunlag = 0.1 .
L 01/16/2021 - 22:41:12: [OFFICIAL] ADMIN bUbUkIsS:* seteaza cvar sv_maxunlag = 0.5 .
L 01/16/2021 - 22:41:12: [OFFICIAL] ADMIN bUbUkIsS:* seteaza cvar sv_maxunlag = 1 .
L 01/16/2021 - 22:41:13: [OFFICIAL] ADMIN bUbUkIsS:* seteaza cvar sv_maxunlag = 1.5 .
L 01/16/2021 - 23:09:21: [OFFICIAL] ADMIN SeBaN* seteaza cvar mp_autoteambalance = 1 .
L 01/16/2021 - 23:09:22: [OFFICIAL] ADMIN SeBaN* seteaza cvar sv_unlag = 0 .
L 01/16/2021 - 23:09:22: [OFFICIAL] ADMIN SeBaN* seteaza cvar sv_unlag = 1 .
L 01/16/2021 - 23:09:23: [OFFICIAL] ADMIN SeBaN* seteaza cvar sv_maxunlag = 0.1 .
L 01/16/2021 - 23:09:23: [OFFICIAL] ADMIN SeBaN* seteaza cvar sv_maxunlag = 0.5 .
L 01/16/2021 - 23:09:23: [OFFICIAL] ADMIN SeBaN* seteaza cvar sv_maxunlag = 1 .
L 01/16/2021 - 23:09:24: [OFFICIAL] ADMIN SeBaN* seteaza cvar sv_maxunlag = 1.5 .
L 01/16/2021 - 23:09:27: [OFFICIAL] ADMIN SeBaN* seteaza cvar sv_timeout = 300 .
L 01/16/2021 - 23:09:27: [OFFICIAL] ADMIN SeBaN* seteaza cvar sv_timeout = 60 .
L 01/16/2021 - 23:09:27: [OFFICIAL] ADMIN SeBaN* seteaza cvar sv_timeout = 999 .
L 01/17/2021 - 00:08:18: [OFFICIAL] ADMIN TRENd seteaza cvar sv_restart = 3 .
L 01/17/2021 - 00:36:46: [OFFICIAL] ADMIN TRENd seteaza cvar sv_unlag = 0 .
L 01/17/2021 - 00:36:47: [OFFICIAL] ADMIN TRENd seteaza cvar sv_unlag = 1 .
L 01/17/2021 - 11:36:56: [OFFICIAL] ADMIN WatcH mE seteaza cvar sv_maxunlag = 0.1 .
L 01/17/2021 - 11:36:56: [OFFICIAL] ADMIN WatcH mE seteaza cvar sv_maxunlag = 0.5 .
L 01/17/2021 - 11:36:56: [OFFICIAL] ADMIN WatcH mE seteaza cvar sv_maxunlag = 1 .
L 01/17/2021 - 11:36:56: [OFFICIAL] ADMIN WatcH mE seteaza cvar sv_maxunlag = 1.5 .
L 01/17/2021 - 11:36:57: [OFFICIAL] ADMIN WatcH mE seteaza cvar sv_maxunlag = 0.1 .
L 01/17/2021 - 11:36:57: [OFFICIAL] ADMIN WatcH mE seteaza cvar sv_maxunlag = 0.5 .
L 01/17/2021 - 11:36:57: [OFFICIAL] ADMIN WatcH mE seteaza cvar sv_maxunlag = 1 .
L 01/17/2021 - 11:44:09: [OFFICIAL] ADMIN WatcH mE seteaza cvar mp_timelimit = 35 .
L 01/17/2021 - 11:44:10: [OFFICIAL] ADMIN WatcH mE seteaza cvar mp_timelimit = 0 .
L 01/17/2021 - 12:48:29: [OFFICIAL] ADMIN WatcH mE seteaza cvar mp_timelimit = 35 .
L 01/17/2021 - 12:48:29: [OFFICIAL] ADMIN WatcH mE seteaza cvar mp_timelimit = 0 .
L 01/17/2021 - 13:15:25: [OFFICIAL] ADMIN WatcH mE seteaza cvar mp_timelimit = 35 .
L 01/17/2021 - 13:15:25: [OFFICIAL] ADMIN WatcH mE seteaza cvar mp_timelimit = 0 .
L 01/17/2021 - 13:48:49: [OFFICIAL] ADMIN SeBaN* seteaza cvar sv_restart = 3 .
L 01/17/2021 - 14:48:09: [OFFICIAL] ADMIN SeBaN* seteaza cvar mp_timelimit = 35 .
L 01/17/2021 - 14:48:10: [OFFICIAL] ADMIN SeBaN* seteaza cvar mp_timelimit = 0 .
L 01/17/2021 - 14:48:12: [OFFICIAL] ADMIN SeBaN* seteaza cvar mp_autoteambalance = 1 .
L 01/17/2021 - 14:48:13: [OFFICIAL] ADMIN SeBaN* seteaza cvar sv_unlag = 0 .
L 01/17/2021 - 14:48:14: [OFFICIAL] ADMIN SeBaN* seteaza cvar sv_unlag = 1 .
L 01/17/2021 - 14:48:14: [OFFICIAL] ADMIN SeBaN* seteaza cvar sv_maxunlag = 0.1 .
L 01/17/2021 - 14:48:14: [OFFICIAL] ADMIN SeBaN* seteaza cvar sv_maxunlag = 0.5 .
L 01/17/2021 - 14:48:15: [OFFICIAL] ADMIN SeBaN* seteaza cvar sv_maxunlag = 1 .
L 01/17/2021 - 14:48:15: [OFFICIAL] ADMIN SeBaN* seteaza cvar sv_maxunlag = 1.5 .
L 01/17/2021 - 14:48:17: [OFFICIAL] ADMIN SeBaN* seteaza cvar sv_timeout = 60 .
L 01/17/2021 - 14:48:18: [OFFICIAL] ADMIN SeBaN* seteaza cvar sv_timeout = 999 .
L 01/17/2021 - 14:48:18: [OFFICIAL] ADMIN SeBaN* seteaza cvar sv_timeout = 300 .
L 01/17/2021 - 14:48:18: [OFFICIAL] ADMIN SeBaN* seteaza cvar sv_timeout = 60 .
L 01/17/2021 - 14:48:19: [OFFICIAL] ADMIN SeBaN* seteaza cvar sv_timeout = 999 .
L 01/17/2021 - 15:10:35: [OFFICIAL] ADMIN SeBaN* seteaza cvar sv_unlag = 0 .
L 01/17/2021 - 15:10:35: [OFFICIAL] ADMIN SeBaN* seteaza cvar sv_unlag = 1 .
L 01/17/2021 - 15:10:36: [OFFICIAL] ADMIN SeBaN* seteaza cvar sv_maxunlag = 0.1 .
L 01/17/2021 - 15:10:37: [OFFICIAL] ADMIN SeBaN* seteaza cvar sv_maxunlag = 0.5 .
L 01/17/2021 - 15:10:37: [OFFICIAL] ADMIN SeBaN* seteaza cvar sv_maxunlag = 1 .
L 01/17/2021 - 15:10:38: [OFFICIAL] ADMIN SeBaN* seteaza cvar sv_maxunlag = 1.5 .
L 01/17/2021 - 16:01:24: [OFFICIAL] ADMIN fyzt1C seteaza cvar sv_timeout = 60 .
L 01/17/2021 - 16:01:25: [OFFICIAL] ADMIN fyzt1C seteaza cvar sv_timeout = 999 .
L 01/17/2021 - 17:54:32: [OFFICIAL] ADMIN bUbUkIsS:* seteaza cvar sv_unlag = 0 .
L 01/17/2021 - 17:54:37: [OFFICIAL] ADMIN bUbUkIsS:* seteaza cvar sv_unlag = 1 .
L 01/17/2021 - 17:54:39: [OFFICIAL] ADMIN bUbUkIsS:* seteaza cvar sv_maxunlag = 0.1 .
L 01/17/2021 - 17:54:40: [OFFICIAL] ADMIN bUbUkIsS:* seteaza cvar sv_maxunlag = 0.5 .
L 01/17/2021 - 17:54:40: [OFFICIAL] ADMIN bUbUkIsS:* seteaza cvar sv_maxunlag = 1 .
L 01/17/2021 - 17:54:40: [OFFICIAL] ADMIN bUbUkIsS:* seteaza cvar sv_maxunlag = 1.5 .
L 01/17/2021 - 18:10:57: [OFFICIAL] ADMIN bUbUkIsS:* seteaza cvar mp_timelimit = 35 .
L 01/17/2021 - 18:35:00: [OFFICIAL] ADMIN bUbUkIsS:* seteaza cvar mp_timelimit = 35 .
L 01/17/2021 - 18:45:13: [OFFICIAL] ADMIN Osiris seteaza cvar mp_autoteambalance = 1 .
L 01/17/2021 - 18:45:17: [OFFICIAL] ADMIN Osiris seteaza cvar sv_maxunlag = 0.1 .
L 01/17/2021 - 18:45:17: [OFFICIAL] ADMIN Osiris seteaza cvar sv_maxunlag = 0.5 .
L 01/17/2021 - 18:45:17: [OFFICIAL] ADMIN Osiris seteaza cvar sv_maxunlag = 1 .
L 01/17/2021 - 18:45:17: [OFFICIAL] ADMIN Osiris seteaza cvar sv_maxunlag = 1.5 .
L 01/17/2021 - 18:45:19: [OFFICIAL] ADMIN Osiris seteaza cvar sv_unlag = 0 .
L 01/17/2021 - 18:45:19: [OFFICIAL] ADMIN Osiris seteaza cvar sv_unlag = 1 .
L 01/17/2021 - 19:02:41: [OFFICIAL] ADMIN blioshele seteaza cvar sv_timeout = 60 .
L 01/17/2021 - 19:02:41: [OFFICIAL] ADMIN blioshele seteaza cvar sv_timeout = 999 .
L 01/17/2021 - 19:02:43: [OFFICIAL] ADMIN blioshele seteaza cvar sv_timeout = 300 .
L 01/17/2021 - 19:07:04: [OFFICIAL] ADMIN Osiris seteaza cvar mp_autoteambalance = 1 .
L 01/17/2021 - 19:20:27: [OFFICIAL] ADMIN bUbUkIsS:* seteaza cvar mp_timelimit = 35 .
L 01/17/2021 - 19:33:53: [OFFICIAL] ADMIN Osiris seteaza cvar mp_autoteambalance = 1 .
L 01/17/2021 - 19:37:07: [OFFICIAL] ADMIN blioshele seteaza cvar sv_timeout = 60 .
L 01/17/2021 - 19:37:07: [OFFICIAL] ADMIN blioshele seteaza cvar sv_timeout = 999 .
L 01/17/2021 - 19:37:07: [OFFICIAL] ADMIN blioshele seteaza cvar sv_timeout = 300 .
L 01/17/2021 - 19:43:17: [OFFICIAL] ADMIN bUbUkIsS:* seteaza cvar mp_timelimit = 35 .
L 01/17/2021 - 20:10:41: [OFFICIAL] ADMIN Osiris seteaza cvar mp_timelimit = 35 .
L 01/17/2021 - 20:10:42: [OFFICIAL] ADMIN Osiris seteaza cvar mp_autoteambalance = 1 .
L 01/17/2021 - 21:09:25: [OFFICIAL] ADMIN bUbUkIsS:* seteaza cvar mp_timelimit = 35 .
L 01/17/2021 - 21:09:45: [OFFICIAL] ADMIN bUbUkIsS:* seteaza cvar sv_timeout = 60 .
L 01/17/2021 - 21:09:46: [OFFICIAL] ADMIN bUbUkIsS:* seteaza cvar sv_timeout = 999 .
L 01/17/2021 - 21:09:47: [OFFICIAL] ADMIN bUbUkIsS:* seteaza cvar sv_timeout = 300 .
L 01/17/2021 - 21:17:11: [OFFICIAL] ADMIN bUbUkIsS:* seteaza cvar sv_unlag = 0 .
L 01/17/2021 - 21:17:12: [OFFICIAL] ADMIN bUbUkIsS:* seteaza cvar sv_unlag = 1 .
L 01/17/2021 - 21:17:14: [OFFICIAL] ADMIN bUbUkIsS:* seteaza cvar sv_maxunlag = 0.1 .
L 01/17/2021 - 21:17:14: [OFFICIAL] ADMIN bUbUkIsS:* seteaza cvar sv_maxunlag = 0.5 .
L 01/17/2021 - 21:17:14: [OFFICIAL] ADMIN bUbUkIsS:* seteaza cvar sv_maxunlag = 1 .
L 01/17/2021 - 21:17:15: [OFFICIAL] ADMIN bUbUkIsS:* seteaza cvar sv_maxunlag = 1.5 .
L 01/17/2021 - 21:40:10: [OFFICIAL] ADMIN Andreea. seteaza cvar mp_timelimit = 35 .
L 01/18/2021 - 11:06:00: [OFFICIAL] ADMIN bUbUkIsS:* seteaza cvar mp_timelimit = 35 .
L 01/18/2021 - 11:06:01: [OFFICIAL] ADMIN bUbUkIsS:* seteaza cvar mp_timelimit = 0 .
L 01/18/2021 - 12:14:10: [OFFICIAL] ADMIN DaN'EllA seteaza cvar mp_timelimit = 35 .
L 01/18/2021 - 12:14:10: [OFFICIAL] ADMIN DaN'EllA seteaza cvar mp_timelimit = 0 .
L 01/18/2021 - 13:34:40: [OFFICIAL] ADMIN bUbUkIsS:* seteaza cvar mp_timelimit = 35 .
L 01/18/2021 - 13:34:41: [OFFICIAL] ADMIN bUbUkIsS:* seteaza cvar mp_timelimit = 0 .
L 01/18/2021 - 14:43:15: [OFFICIAL] ADMIN bUbUkIsS:* seteaza cvar sv_timeout = 60 .
L 01/18/2021 - 14:43:15: [OFFICIAL] ADMIN bUbUkIsS:* seteaza cvar sv_timeout = 999 .
L 01/18/2021 - 14:43:16: [OFFICIAL] ADMIN bUbUkIsS:* seteaza cvar sv_timeout = 300 .
L 01/18/2021 - 14:58:07: [OFFICIAL] ADMIN bUbUkIsS:* seteaza cvar mp_timelimit = 35 .
L 01/18/2021 - 14:58:07: [OFFICIAL] ADMIN bUbUkIsS:* seteaza cvar mp_timelimit = 0 .
L 01/18/2021 - 15:07:18: [OFFICIAL] ADMIN MiXtApPe seteaza cvar sv_timeout = 60 .
L 01/18/2021 - 15:07:18: [OFFICIAL] ADMIN MiXtApPe seteaza cvar sv_timeout = 999 .
L 01/18/2021 - 15:07:18: [OFFICIAL] ADMIN MiXtApPe seteaza cvar sv_timeout = 300 .
L 01/18/2021 - 15:44:02: [OFFICIAL] ADMIN bUbUkIsS:* seteaza cvar sv_unlag = 0 .
L 01/18/2021 - 15:44:03: [OFFICIAL] ADMIN bUbUkIsS:* seteaza cvar sv_unlag = 1 .
L 01/18/2021 - 15:44:06: [OFFICIAL] ADMIN bUbUkIsS:* seteaza cvar sv_maxunlag = 0.1 .
L 01/18/2021 - 15:44:06: [OFFICIAL] ADMIN bUbUkIsS:* seteaza cvar sv_maxunlag = 0.5 .
L 01/18/2021 - 15:44:06: [OFFICIAL] ADMIN bUbUkIsS:* seteaza cvar sv_maxunlag = 1 .
L 01/18/2021 - 15:44:07: [OFFICIAL] ADMIN bUbUkIsS:* seteaza cvar sv_maxunlag = 1.5 .
L 01/18/2021 - 16:16:51: [OFFICIAL] ADMIN bUbUkIsS:* seteaza cvar mp_timelimit = 35 .
L 01/18/2021 - 16:16:52: [OFFICIAL] ADMIN bUbUkIsS:* seteaza cvar mp_timelimit = 0 .
L 01/18/2021 - 17:23:46: [OFFICIAL] ADMIN bUbUkIsS:* seteaza cvar sv_unlag = 0 .
L 01/18/2021 - 17:23:46: [OFFICIAL] ADMIN bUbUkIsS:* seteaza cvar sv_unlag = 1 .
L 01/18/2021 - 17:23:55: [OFFICIAL] ADMIN bUbUkIsS:* seteaza cvar sv_maxunlag = 0.1 .
L 01/18/2021 - 17:23:55: [OFFICIAL] ADMIN bUbUkIsS:* seteaza cvar sv_maxunlag = 0.5 .
L 01/18/2021 - 17:23:55: [OFFICIAL] ADMIN bUbUkIsS:* seteaza cvar sv_maxunlag = 1 .
L 01/18/2021 - 17:23:56: [OFFICIAL] ADMIN bUbUkIsS:* seteaza cvar sv_maxunlag = 1.5 .
L 01/18/2021 - 17:40:12: [OFFICIAL] ADMIN Andreea. seteaza cvar mp_timelimit = 35 .
L 01/18/2021 - 17:40:13: [OFFICIAL] ADMIN Andreea. seteaza cvar mp_timelimit = 0 .
L 01/18/2021 - 18:05:33: [OFFICIAL] ADMIN fyzt1C seteaza cvar sv_timeout = 60 .
L 01/18/2021 - 18:05:33: [OFFICIAL] ADMIN fyzt1C seteaza cvar sv_timeout = 999 .
L 01/18/2021 - 18:05:33: [OFFICIAL] ADMIN fyzt1C seteaza cvar sv_timeout = 300 .
L 01/18/2021 - 18:05:34: [OFFICIAL] ADMIN fyzt1C seteaza cvar sv_timeout = 60 .
L 01/18/2021 - 18:05:34: [OFFICIAL] ADMIN fyzt1C seteaza cvar sv_timeout = 999 .
L 01/18/2021 - 18:14:06: [OFFICIAL] ADMIN DaN'EllA seteaza cvar mp_timelimit = 35 .
L 01/18/2021 - 18:16:03: [OFFICIAL] ADMIN bUbUkIsS:* seteaza cvar mp_timelimit = 0 .
L 01/18/2021 - 20:00:14: [OFFICIAL] ADMIN MiXtApPe seteaza cvar sv_timeout = 60 .
L 01/18/2021 - 20:00:14: [OFFICIAL] ADMIN MiXtApPe seteaza cvar sv_timeout = 999 .
L 01/18/2021 - 20:00:20: [OFFICIAL] ADMIN MiXtApPe seteaza cvar sv_timeout = 300 .
L 01/18/2021 - 20:29:56: [OFFICIAL] ADMIN Osiris seteaza cvar mp_timelimit = 35 .
L 01/18/2021 - 20:57:32: [OFFICIAL] ADMIN Osiris seteaza cvar mp_autoteambalance = 1 .
L 01/18/2021 - 21:38:28: [OFFICIAL] ADMIN oarba_dupa_tine seteaza cvar mp_timelimit = 35 .
L 01/18/2021 - 21:38:29: [OFFICIAL] ADMIN oarba_dupa_tine seteaza cvar mp_timelimit = 0 .
L 01/18/2021 - 22:27:37: [OFFICIAL] ADMIN blioshele seteaza cvar sv_timeout = 300 .
L 01/18/2021 - 22:41:02: [OFFICIAL] ADMIN blioshele seteaza cvar sv_timeout = 60 .
L 01/18/2021 - 22:41:03: [OFFICIAL] ADMIN blioshele seteaza cvar sv_timeout = 999 .
L 01/18/2021 - 23:04:14: [OFFICIAL] ADMIN Osiris seteaza cvar mp_autoteambalance = 1 .
L 01/18/2021 - 23:49:12: [OFFICIAL] ADMIN blioshele seteaza cvar sv_timeout = 300 .
L 01/18/2021 - 23:49:12: [OFFICIAL] ADMIN blioshele seteaza cvar sv_timeout = 60 .
L 01/18/2021 - 23:49:13: [OFFICIAL] ADMIN blioshele seteaza cvar sv_timeout = 999 .
L 01/19/2021 - 02:13:43: [OFFICIAL] ADMIN Osiris seteaza cvar mp_autoteambalance = 1 .
L 01/19/2021 - 02:15:29: [OFFICIAL] ADMIN Osiris seteaza cvar mp_autoteambalance = 1 .
L 01/19/2021 - 02:15:30: [OFFICIAL] ADMIN Osiris seteaza cvar mp_timelimit = 35 .
L 01/19/2021 - 02:15:31: [OFFICIAL] ADMIN Osiris seteaza cvar mp_timelimit = 25 .
L 01/19/2021 - 02:15:31: [OFFICIAL] ADMIN Osiris seteaza cvar mp_timelimit = 35 .
L 01/19/2021 - 02:15:32: [OFFICIAL] ADMIN Osiris seteaza cvar mp_timelimit = 0 .
L 01/19/2021 - 11:21:13: [OFFICIAL] ADMIN DaN'EllA seteaza cvar mp_timelimit = 35 .
L 01/19/2021 - 11:21:13: [OFFICIAL] ADMIN DaN'EllA seteaza cvar mp_timelimit = 0 .
L 01/19/2021 - 11:46:07: [OFFICIAL] ADMIN DaN'EllA seteaza cvar sv_timeout = 60 .
L 01/19/2021 - 11:46:08: [OFFICIAL] ADMIN DaN'EllA seteaza cvar sv_timeout = 999 .
L 01/19/2021 - 11:46:09: [OFFICIAL] ADMIN DaN'EllA seteaza cvar sv_timeout = 300 .
L 01/19/2021 - 11:46:15: [OFFICIAL] ADMIN DaN'EllA seteaza cvar mp_c4timer = 45 .
L 01/19/2021 - 11:46:18: [OFFICIAL] ADMIN DaN'EllA seteaza cvar mp_c4timer = 15 .
L 01/19/2021 - 11:46:19: [OFFICIAL] ADMIN DaN'EllA seteaza cvar mp_c4timer = 35 .
L 01/19/2021 - 11:46:29: [OFFICIAL] ADMIN DaN'EllA seteaza cvar sv_timeout = 60 .
L 01/19/2021 - 11:46:29: [OFFICIAL] ADMIN DaN'EllA seteaza cvar sv_timeout = 999 .
L 01/19/2021 - 12:32:40: [OFFICIAL] ADMIN bUbUkIsS:* seteaza cvar mp_timelimit = 35 .
L 01/19/2021 - 12:32:42: [OFFICIAL] ADMIN bUbUkIsS:* seteaza cvar mp_timelimit = 0 .
L 01/19/2021 - 13:04:10: [OFFICIAL] ADMIN DaN'EllA seteaza cvar mp_timelimit = 35 .
L 01/19/2021 - 13:04:10: [OFFICIAL] ADMIN DaN'EllA seteaza cvar mp_timelimit = 0 .
L 01/19/2021 - 14:22:51: [OFFICIAL] ADMIN oarba_dupa_tine seteaza cvar mp_timelimit = 35 .
L 01/19/2021 - 14:22:52: [OFFICIAL] ADMIN oarba_dupa_tine seteaza cvar mp_timelimit = 0 .
L 01/19/2021 - 15:14:53: [OFFICIAL] ADMIN WatcH mE seteaza cvar mp_timelimit = 35 .
L 01/19/2021 - 15:14:53: [OFFICIAL] ADMIN WatcH mE seteaza cvar mp_timelimit = 0 .
L 01/19/2021 - 16:18:33: [OFFICIAL] ADMIN oarba_dupa_tine seteaza cvar mp_timelimit = 35 .
L 01/19/2021 - 16:18:34: [OFFICIAL] ADMIN oarba_dupa_tine seteaza cvar mp_timelimit = 0 .
L 01/19/2021 - 17:42:47: [OFFICIAL] ADMIN TRENd seteaza cvar sv_unlag = 0 .
L 01/19/2021 - 17:42:48: [OFFICIAL] ADMIN TRENd seteaza cvar sv_unlag = 1 .
L 01/19/2021 - 17:43:38: [OFFICIAL] ADMIN fyzt1C seteaza cvar mp_timelimit = 35 .
L 01/19/2021 - 17:43:39: [OFFICIAL] ADMIN fyzt1C seteaza cvar mp_timelimit = 0 .
L 01/19/2021 - 18:01:28: [OFFICIAL] ADMIN fyzt1C seteaza cvar mp_timelimit = 35 .
L 01/19/2021 - 18:01:28: [OFFICIAL] ADMIN fyzt1C seteaza cvar mp_timelimit = 0 .
L 01/19/2021 - 18:04:32: [OFFICIAL] ADMIN fyzt1C seteaza cvar sv_timeout = 60 .
L 01/19/2021 - 18:04:32: [OFFICIAL] ADMIN fyzt1C seteaza cvar sv_timeout = 999 .
L 01/19/2021 - 18:04:32: [OFFICIAL] ADMIN fyzt1C seteaza cvar sv_timeout = 300 .
L 01/19/2021 - 18:04:33: [OFFICIAL] ADMIN fyzt1C seteaza cvar sv_timeout = 60 .
L 01/19/2021 - 18:04:33: [OFFICIAL] ADMIN fyzt1C seteaza cvar sv_timeout = 999 .
L 01/19/2021 - 19:39:15: [OFFICIAL] ADMIN DaN'EllA seteaza cvar mp_timelimit = 35 .
L 01/20/2021 - 11:40:39: [OFFICIAL] ADMIN oarba_dupa_tine seteaza cvar mp_timelimit = 35 .
L 01/20/2021 - 11:40:39: [OFFICIAL] ADMIN oarba_dupa_tine seteaza cvar mp_timelimit = 0 .
L 01/20/2021 - 11:50:48: [OFFICIAL] ADMIN oarba_dupa_tine seteaza cvar amx_vipgold_everyone = 1 .
L 01/20/2021 - 13:20:29: [OFFICIAL] ADMIN oarba_dupa_tine seteaza cvar mp_timelimit = 35 .
L 01/20/2021 - 13:20:29: [OFFICIAL] ADMIN oarba_dupa_tine seteaza cvar mp_timelimit = 0 .
L 01/20/2021 - 13:21:16: [OFFICIAL] ADMIN oarba_dupa_tine seteaza cvar mp_timelimit = 35 .
L 01/20/2021 - 13:21:17: [OFFICIAL] ADMIN oarba_dupa_tine seteaza cvar mp_timelimit = 0 .
L 01/20/2021 - 13:21:23: [OFFICIAL] ADMIN oarba_dupa_tine seteaza cvar amx_vipgold_everyone = 1 .
L 01/20/2021 - 15:11:44: [OFFICIAL] ADMIN bUbUkIsS:* seteaza cvar mp_timelimit = 35 .
L 01/20/2021 - 15:11:45: [OFFICIAL] ADMIN bUbUkIsS:* seteaza cvar mp_timelimit = 0 .
L 01/20/2021 - 15:24:27: [OFFICIAL] ADMIN MiXtApPe seteaza cvar sv_timeout = 60 .
L 01/20/2021 - 15:24:28: [OFFICIAL] ADMIN MiXtApPe seteaza cvar sv_timeout = 999 .
L 01/20/2021 - 15:24:28: [OFFICIAL] ADMIN MiXtApPe seteaza cvar sv_timeout = 300 .
L 01/20/2021 - 15:27:52: [OFFICIAL] ADMIN bUbUkIsS:* seteaza cvar mp_timelimit = 35 .
L 01/20/2021 - 15:27:54: [OFFICIAL] ADMIN bUbUkIsS:* seteaza cvar mp_timelimit = 0 .
L 01/20/2021 - 15:28:48: [OFFICIAL] ADMIN MiXtApPe seteaza cvar sv_timeout = 60 .
L 01/20/2021 - 15:28:49: [OFFICIAL] ADMIN MiXtApPe seteaza cvar sv_timeout = 999 .
L 01/20/2021 - 15:28:49: [OFFICIAL] ADMIN MiXtApPe seteaza cvar sv_timeout = 300 .
L 01/20/2021 - 15:32:05: [OFFICIAL] ADMIN MiXtApPe seteaza cvar sv_timeout = 60 .
L 01/20/2021 - 15:32:05: [OFFICIAL] ADMIN MiXtApPe seteaza cvar sv_timeout = 999 .
L 01/20/2021 - 15:32:05: [OFFICIAL] ADMIN MiXtApPe seteaza cvar sv_timeout = 300 .
L 01/20/2021 - 16:13:23: [OFFICIAL] ADMIN fyzt1C seteaza cvar sv_restart = 3 .
L 01/20/2021 - 16:15:20: [OFFICIAL] ADMIN MiXtApPe seteaza cvar sv_timeout = 60 .
L 01/20/2021 - 16:15:21: [OFFICIAL] ADMIN MiXtApPe seteaza cvar sv_timeout = 999 .
L 01/20/2021 - 16:15:21: [OFFICIAL] ADMIN MiXtApPe seteaza cvar sv_timeout = 300 .
L 01/20/2021 - 16:18:01: [OFFICIAL] ADMIN MiXtApPe seteaza cvar sv_timeout = 60 .
L 01/20/2021 - 16:18:01: [OFFICIAL] ADMIN MiXtApPe seteaza cvar sv_timeout = 999 .
L 01/20/2021 - 16:18:01: [OFFICIAL] ADMIN MiXtApPe seteaza cvar sv_timeout = 300 .
L 01/20/2021 - 17:12:16: [OFFICIAL] ADMIN oarba_dupa_tine seteaza cvar mp_timelimit = 35 .
L 01/20/2021 - 17:12:16: [OFFICIAL] ADMIN oarba_dupa_tine seteaza cvar mp_timelimit = 0 .
L 01/20/2021 - 18:57:50: [OFFICIAL] ADMIN oarba_dupa_tine seteaza cvar mp_timelimit = 35 .
L 01/20/2021 - 19:36:22: [OFFICIAL] ADMIN blioshele seteaza cvar sv_timeout = 60 .
L 01/20/2021 - 19:36:23: [OFFICIAL] ADMIN blioshele seteaza cvar sv_timeout = 999 .
L 01/20/2021 - 19:50:05: [OFFICIAL] ADMIN blioshele seteaza cvar sv_timeout = 300 .
L 01/20/2021 - 19:50:13: [OFFICIAL] ADMIN blioshele seteaza cvar mp_autoteambalance = 1 .
L 01/20/2021 - 20:22:27: [OFFICIAL] ADMIN oarba_dupa_tine seteaza cvar mp_timelimit = 35 .
L 01/20/2021 - 20:22:27: [OFFICIAL] ADMIN oarba_dupa_tine seteaza cvar mp_timelimit = 0 .
L 01/20/2021 - 20:54:52: [OFFICIAL] ADMIN blioshele seteaza cvar sv_timeout = 60 .
L 01/20/2021 - 20:54:52: [OFFICIAL] ADMIN blioshele seteaza cvar sv_timeout = 999 .
L 01/20/2021 - 20:54:52: [OFFICIAL] ADMIN blioshele seteaza cvar sv_timeout = 300 .
L 01/20/2021 - 21:04:19: [OFFICIAL] ADMIN blioshele seteaza cvar mp_autoteambalance = 1 .
L 01/20/2021 - 21:14:12: [OFFICIAL] ADMIN blioshele seteaza cvar mp_freezetime = 5 .
L 01/20/2021 - 21:14:13: [OFFICIAL] ADMIN blioshele seteaza cvar mp_freezetime = 0 .
L 01/20/2021 - 21:14:20: [OFFICIAL] ADMIN oarba_dupa_tine seteaza cvar mp_freezetime = 2 .
L 01/20/2021 - 21:14:21: [OFFICIAL] ADMIN oarba_dupa_tine seteaza cvar mp_freezetime = 5 .
L 01/20/2021 - 21:14:21: [OFFICIAL] ADMIN oarba_dupa_tine seteaza cvar mp_freezetime = 0 .
L 01/20/2021 - 21:55:17: [OFFICIAL] ADMIN blioshele seteaza cvar mp_freezetime = 2 .
L 01/20/2021 - 21:55:19: [OFFICIAL] ADMIN blioshele seteaza cvar mp_freezetime = 5 .
L 01/20/2021 - 21:55:19: [OFFICIAL] ADMIN blioshele seteaza cvar mp_freezetime = 0 .
L 01/20/2021 - 21:55:20: [OFFICIAL] ADMIN blioshele seteaza cvar mp_freezetime = 2 .
L 01/20/2021 - 21:55:37: [OFFICIAL] ADMIN blioshele seteaza cvar mp_autoteambalance = 1 .
L 01/20/2021 - 23:16:04: [OFFICIAL] ADMIN fyzt1C seteaza cvar sv_restart = 3 .
L 01/21/2021 - 09:34:21: [OFFICIAL] ADMIN MiXtApPe seteaza cvar sv_timeout = 300 .
L 01/21/2021 - 09:34:21: [OFFICIAL] ADMIN MiXtApPe seteaza cvar sv_timeout = 60 .
L 01/21/2021 - 09:34:22: [OFFICIAL] ADMIN MiXtApPe seteaza cvar sv_timeout = 999 .
L 01/21/2021 - 12:01:58: [OFFICIAL] ADMIN fyzt1C seteaza cvar mp_timelimit = 35 .
L 01/21/2021 - 12:01:58: [OFFICIAL] ADMIN fyzt1C seteaza cvar mp_timelimit = 0 .
L 01/21/2021 - 13:24:51: [OFFICIAL] ADMIN oarba_dupa_tine seteaza cvar mp_timelimit = 35 .
L 01/21/2021 - 14:32:40: [OFFICIAL] ADMIN bUbUkIsS:* seteaza cvar mp_timelimit = 35 .
L 01/21/2021 - 14:43:30: [OFFICIAL] ADMIN bUbUkIsS:* seteaza cvar mp_timelimit = 35 .
L 01/21/2021 - 14:43:31: [OFFICIAL] ADMIN bUbUkIsS:* seteaza cvar mp_timelimit = 0 .
L 01/21/2021 - 16:35:21: [OFFICIAL] ADMIN bUbUkIsS:* seteaza cvar mp_timelimit = 35 .
L 01/21/2021 - 16:45:19: [OFFICIAL] ADMIN WatcH mE seteaza cvar sv_maxunlag = 0.1 .
L 01/21/2021 - 16:45:19: [OFFICIAL] ADMIN WatcH mE seteaza cvar sv_maxunlag = 0.5 .
L 01/21/2021 - 16:45:20: [OFFICIAL] ADMIN WatcH mE seteaza cvar sv_maxunlag = 1 .
L 01/21/2021 - 16:45:20: [OFFICIAL] ADMIN WatcH mE seteaza cvar sv_maxunlag = 1.5 .
L 01/21/2021 - 16:45:20: [OFFICIAL] ADMIN WatcH mE seteaza cvar sv_maxunlag = 0.1 .
L 01/21/2021 - 16:45:21: [OFFICIAL] ADMIN WatcH mE seteaza cvar sv_maxunlag = 0.5 .
L 01/21/2021 - 16:45:21: [OFFICIAL] ADMIN WatcH mE seteaza cvar sv_maxunlag = 1 .
L 01/21/2021 - 18:49:33: [OFFICIAL] ADMIN MiXtApPe seteaza cvar sv_timeout = 60 .
L 01/21/2021 - 18:49:33: [OFFICIAL] ADMIN MiXtApPe seteaza cvar sv_timeout = 999 .
L 01/21/2021 - 18:49:34: [OFFICIAL] ADMIN MiXtApPe seteaza cvar sv_timeout = 300 .
L 01/21/2021 - 18:54:26: [OFFICIAL] ADMIN MiXtApPe seteaza cvar sv_timeout = 60 .
L 01/21/2021 - 18:54:26: [OFFICIAL] ADMIN MiXtApPe seteaza cvar sv_timeout = 999 .
L 01/21/2021 - 18:54:26: [OFFICIAL] ADMIN MiXtApPe seteaza cvar sv_timeout = 300 .
L 01/21/2021 - 19:11:53: [OFFICIAL] ADMIN MiXtApPe seteaza cvar sv_timeout = 60 .
L 01/21/2021 - 19:11:53: [OFFICIAL] ADMIN MiXtApPe seteaza cvar sv_timeout = 999 .
L 01/21/2021 - 19:11:54: [OFFICIAL] ADMIN MiXtApPe seteaza cvar sv_timeout = 300 .
L 01/21/2021 - 21:24:30: [OFFICIAL] ADMIN oarba_dupa_tine seteaza cvar mp_freezetime = 5 .
L 01/21/2021 - 21:24:31: [OFFICIAL] ADMIN oarba_dupa_tine seteaza cvar mp_freezetime = 0 .
L 01/21/2021 - 23:05:30: [OFFICIAL] ADMIN DaN'EllA seteaza cvar mp_freezetime = 2 .
L 01/22/2021 - 01:56:00: [OFFICIAL] ADMIN zEn seteaza cvar sv_restart = 3 .
L 01/22/2021 - 10:40:22: [OFFICIAL] ADMIN Mr.Heineken seteaza cvar mp_timelimit = 35 .
L 01/22/2021 - 10:40:23: [OFFICIAL] ADMIN Mr.Heineken seteaza cvar mp_timelimit = 0 .
L 01/22/2021 - 11:53:50: [OFFICIAL] ADMIN DaN'EllA seteaza cvar mp_timelimit = 35 .
L 01/22/2021 - 11:53:51: [OFFICIAL] ADMIN DaN'EllA seteaza cvar mp_timelimit = 0 .
L 01/22/2021 - 11:54:01: [OFFICIAL] ADMIN DaN'EllA seteaza cvar sv_timeout = 60 .
L 01/22/2021 - 11:54:01: [OFFICIAL] ADMIN DaN'EllA seteaza cvar sv_timeout = 999 .
L 01/22/2021 - 13:07:59: [OFFICIAL] ADMIN bUbUkIsS:* seteaza cvar mp_timelimit = 35 .
L 01/22/2021 - 13:08:00: [OFFICIAL] ADMIN bUbUkIsS:* seteaza cvar mp_timelimit = 0 .
L 01/22/2021 - 13:51:39: [OFFICIAL] ADMIN bUbUkIsS:* seteaza cvar mp_timelimit = 35 .
L 01/22/2021 - 13:51:39: [OFFICIAL] ADMIN bUbUkIsS:* seteaza cvar mp_timelimit = 0 .
L 01/22/2021 - 14:04:46: [OFFICIAL] ADMIN fyzt1C seteaza cvar sv_restart = 3 .
L 01/22/2021 - 15:45:08: [OFFICIAL] ADMIN fyzt1C seteaza cvar mp_timelimit = 35 .
L 01/22/2021 - 15:45:37: [OFFICIAL] ADMIN fyzt1C seteaza cvar mp_timelimit = 35 .
L 01/22/2021 - 15:45:37: [OFFICIAL] ADMIN fyzt1C seteaza cvar mp_timelimit = 0 .
L 01/22/2021 - 16:54:50: [OFFICIAL] ADMIN Didi seteaza cvar mp_timelimit = 35 .
L 01/22/2021 - 16:54:51: [OFFICIAL] ADMIN Didi seteaza cvar mp_timelimit = 0 .
L 01/22/2021 - 17:46:51: [OFFICIAL] ADMIN MiXtApPe seteaza cvar mp_timelimit = 35 .
L 01/22/2021 - 17:46:52: [OFFICIAL] ADMIN MiXtApPe seteaza cvar mp_timelimit = 0 .
L 01/22/2021 - 17:46:52: [OFFICIAL] ADMIN MiXtApPe seteaza cvar mp_timelimit = 25 .
L 01/22/2021 - 17:46:52: [OFFICIAL] ADMIN MiXtApPe seteaza cvar mp_timelimit = 35 .
L 01/22/2021 - 17:46:53: [OFFICIAL] ADMIN MiXtApPe seteaza cvar mp_timelimit = 0 .
L 01/22/2021 - 17:46:53: [OFFICIAL] ADMIN MiXtApPe seteaza cvar mp_timelimit = 25 .
L 01/22/2021 - 18:05:46: [OFFICIAL] ADMIN fyzt1C seteaza cvar sv_timeout = 60 .
L 01/22/2021 - 18:05:47: [OFFICIAL] ADMIN fyzt1C seteaza cvar sv_timeout = 999 .
L 01/22/2021 - 20:55:34: [OFFICIAL] ADMIN DaN'EllA seteaza cvar mp_timelimit = 35 .
L 01/22/2021 - 21:19:08: [OFFICIAL] ADMIN oarba_dupa_tine seteaza cvar mp_timelimit = 35 .
L 01/22/2021 - 21:19:10: [OFFICIAL] ADMIN oarba_dupa_tine seteaza cvar mp_timelimit = 0 .
L 01/22/2021 - 21:29:37: [OFFICIAL] ADMIN oarba_dupa_tine seteaza cvar mp_freezetime = 5 .
L 01/22/2021 - 21:29:37: [OFFICIAL] ADMIN oarba_dupa_tine seteaza cvar mp_freezetime = 0 .
L 01/22/2021 - 21:49:07: [OFFICIAL] ADMIN oarba_dupa_tine seteaza cvar mp_timelimit = 35 .
L 01/22/2021 - 21:49:07: [OFFICIAL] ADMIN DaN'EllA seteaza cvar mp_timelimit = 0 .
L 01/22/2021 - 22:05:54: [OFFICIAL] ADMIN blioshele seteaza cvar mp_freezetime = 2 .
L 01/23/2021 - 01:29:33: [OFFICIAL] ADMIN oarba_dupa_tine seteaza cvar sv_restart = 3 .
L 01/23/2021 - 01:59:29: [OFFICIAL] ADMIN blioshele seteaza cvar mp_autoteambalance = 1 .
L 01/23/2021 - 11:52:40: [OFFICIAL] ADMIN WatcH mE seteaza cvar mp_timelimit = 35 .
L 01/23/2021 - 11:52:41: [OFFICIAL] ADMIN WatcH mE seteaza cvar mp_timelimit = 0 .
L 01/23/2021 - 12:56:04: [OFFICIAL] ADMIN bUbUkIsS:* seteaza cvar mp_timelimit = 35 .
L 01/23/2021 - 12:56:04: [OFFICIAL] ADMIN bUbUkIsS:* seteaza cvar mp_timelimit = 0 .
L 01/23/2021 - 13:28:27: [OFFICIAL] ADMIN WatcH mE seteaza cvar mp_timelimit = 35 .
L 01/23/2021 - 13:28:37: [OFFICIAL] ADMIN WatcH mE seteaza cvar mp_timelimit = 35 .
L 01/23/2021 - 13:47:12: [OFFICIAL] ADMIN bUbUkIsS:* seteaza cvar sv_unlag = 0 .
L 01/23/2021 - 13:47:13: [OFFICIAL] ADMIN bUbUkIsS:* seteaza cvar sv_unlag = 1 .
L 01/23/2021 - 13:47:15: [OFFICIAL] ADMIN bUbUkIsS:* seteaza cvar sv_maxunlag = 0.1 .
L 01/23/2021 - 13:47:16: [OFFICIAL] ADMIN bUbUkIsS:* seteaza cvar sv_maxunlag = 0.5 .
L 01/23/2021 - 13:47:16: [OFFICIAL] ADMIN bUbUkIsS:* seteaza cvar sv_maxunlag = 1 .
L 01/23/2021 - 13:47:17: [OFFICIAL] ADMIN bUbUkIsS:* seteaza cvar sv_maxunlag = 1.5 .
L 01/23/2021 - 14:40:38: [OFFICIAL] ADMIN bUbUkIsS:* seteaza cvar mp_timelimit = 35 .
L 01/23/2021 - 14:40:39: [OFFICIAL] ADMIN bUbUkIsS:* seteaza cvar mp_timelimit = 0 .
L 01/23/2021 - 14:45:58: [OFFICIAL] ADMIN bUbUkIsS:* seteaza cvar sv_unlag = 0 .
L 01/23/2021 - 14:45:59: [OFFICIAL] ADMIN bUbUkIsS:* seteaza cvar sv_unlag = 1 .
L 01/23/2021 - 14:46:01: [OFFICIAL] ADMIN bUbUkIsS:* seteaza cvar sv_maxunlag = 0.1 .
L 01/23/2021 - 14:46:01: [OFFICIAL] ADMIN bUbUkIsS:* seteaza cvar sv_maxunlag = 0.5 .
L 01/23/2021 - 14:46:02: [OFFICIAL] ADMIN bUbUkIsS:* seteaza cvar sv_maxunlag = 1 .
L 01/23/2021 - 14:46:02: [OFFICIAL] ADMIN bUbUkIsS:* seteaza cvar sv_maxunlag = 1.5 .
L 01/23/2021 - 15:25:59: [OFFICIAL] ADMIN bUbUkIsS:* seteaza cvar mp_timelimit = 35 .
L 01/23/2021 - 15:26:00: [OFFICIAL] ADMIN bUbUkIsS:* seteaza cvar mp_timelimit = 0 .
L 01/23/2021 - 15:26:54: [OFFICIAL] ADMIN Osiris seteaza cvar mp_autoteambalance = 1 .
L 01/23/2021 - 16:45:20: [OFFICIAL] ADMIN bUbUkIsS:* seteaza cvar sv_unlag = 0 .
L 01/23/2021 - 16:45:20: [OFFICIAL] ADMIN bUbUkIsS:* seteaza cvar sv_unlag = 1 .
L 01/23/2021 - 16:45:23: [OFFICIAL] ADMIN bUbUkIsS:* seteaza cvar sv_maxunlag = 0.1 .
L 01/23/2021 - 16:45:23: [OFFICIAL] ADMIN bUbUkIsS:* seteaza cvar sv_maxunlag = 0.5 .
L 01/23/2021 - 16:45:23: [OFFICIAL] ADMIN bUbUkIsS:* seteaza cvar sv_maxunlag = 1 .
L 01/23/2021 - 16:45:24: [OFFICIAL] ADMIN bUbUkIsS:* seteaza cvar sv_maxunlag = 1.5 .
L 01/23/2021 - 17:20:10: [OFFICIAL] ADMIN blioshele seteaza cvar mp_autoteambalance = 1 .
L 01/23/2021 - 17:20:18: [OFFICIAL] ADMIN blioshele seteaza cvar sv_timeout = 60 .
L 01/23/2021 - 17:20:18: [OFFICIAL] ADMIN blioshele seteaza cvar sv_timeout = 999 .
L 01/23/2021 - 17:20:18: [OFFICIAL] ADMIN blioshele seteaza cvar sv_timeout = 300 .
L 01/23/2021 - 17:20:18: [OFFICIAL] ADMIN blioshele seteaza cvar sv_timeout = 60 .
L 01/23/2021 - 17:20:19: [OFFICIAL] ADMIN blioshele seteaza cvar sv_timeout = 999 .
L 01/23/2021 - 17:32:29: [OFFICIAL] ADMIN bUbUkIsS:* seteaza cvar mp_timelimit = 35 .
L 01/23/2021 - 17:32:30: [OFFICIAL] ADMIN bUbUkIsS:* seteaza cvar mp_timelimit = 0 .
L 01/23/2021 - 18:34:59: [OFFICIAL] ADMIN blioshele seteaza cvar sv_timeout = 60 .
L 01/23/2021 - 18:35:00: [OFFICIAL] ADMIN blioshele seteaza cvar sv_timeout = 999 .
L 01/23/2021 - 18:42:25: [OFFICIAL] ADMIN blioshele seteaza cvar mp_autoteambalance = 1 .
L 01/23/2021 - 18:57:48: [OFFICIAL] ADMIN bUbUkIsS:* seteaza cvar mp_timelimit = 35 .
L 01/23/2021 - 19:03:21: [OFFICIAL] ADMIN bUbUkIsS:* seteaza cvar sv_unlag = 0 .
L 01/23/2021 - 19:03:21: [OFFICIAL] ADMIN bUbUkIsS:* seteaza cvar sv_unlag = 1 .
L 01/23/2021 - 19:03:23: [OFFICIAL] ADMIN bUbUkIsS:* seteaza cvar sv_maxunlag = 0.1 .
L 01/23/2021 - 19:03:23: [OFFICIAL] ADMIN bUbUkIsS:* seteaza cvar sv_maxunlag = 0.5 .
L 01/23/2021 - 19:03:24: [OFFICIAL] ADMIN bUbUkIsS:* seteaza cvar sv_maxunlag = 1 .
L 01/23/2021 - 19:03:24: [OFFICIAL] ADMIN bUbUkIsS:* seteaza cvar sv_maxunlag = 1.5 .
L 01/23/2021 - 19:07:41: [OFFICIAL] ADMIN bUbUkIsS:* seteaza cvar mp_timelimit = 35 .
L 01/23/2021 - 19:07:42: [OFFICIAL] ADMIN bUbUkIsS:* seteaza cvar mp_timelimit = 0 .
L 01/23/2021 - 20:17:47: [OFFICIAL] ADMIN Didi seteaza cvar mp_freezetime = 5 .
L 01/23/2021 - 20:17:49: [OFFICIAL] ADMIN Didi seteaza cvar mp_freezetime = 0 .
L 01/23/2021 - 20:42:21: [OFFICIAL] ADMIN Osiris seteaza cvar mp_timelimit = 35 .
L 01/23/2021 - 20:42:22: [OFFICIAL] ADMIN Osiris seteaza cvar mp_autoteambalance = 1 .
L 01/23/2021 - 20:42:32: [OFFICIAL] ADMIN Osiris seteaza cvar mp_freezetime = 2 .
L 01/23/2021 - 21:15:49: [OFFICIAL] ADMIN SeBaN* seteaza cvar sv_timeout = 60 .
L 01/23/2021 - 21:15:50: [OFFICIAL] ADMIN SeBaN* seteaza cvar sv_timeout = 999 .
L 01/23/2021 - 22:57:24: [OFFICIAL] ADMIN Osiris seteaza cvar mp_autoteambalance = 1 .
L 01/23/2021 - 23:10:13: [OFFICIAL] ADMIN Didi seteaza cvar sv_restart = 3 .
L 01/23/2021 - 23:10:18: [OFFICIAL] ADMIN Didi seteaza cvar sv_restart = 3 .
L 01/23/2021 - 23:10:19: [OFFICIAL] ADMIN Didi seteaza cvar sv_restart = 3 .
L 01/23/2021 - 23:10:19: [OFFICIAL] ADMIN Didi seteaza cvar sv_restart = 3 .
L 01/24/2021 - 00:37:57: [OFFICIAL] ADMIN Didi seteaza cvar sv_unlag = 0 .
L 01/24/2021 - 00:38:00: [OFFICIAL] ADMIN Didi seteaza cvar sv_unlag = 1 .
L 01/24/2021 - 00:38:03: [OFFICIAL] ADMIN Didi seteaza cvar sv_unlag = 0 .
L 01/24/2021 - 00:38:12: [OFFICIAL] ADMIN Didi seteaza cvar sv_unlag = 1 .
L 01/24/2021 - 00:38:28: [OFFICIAL] ADMIN Didi seteaza cvar sv_maxunlag = 0.1 .
L 01/24/2021 - 00:38:29: [OFFICIAL] ADMIN Didi seteaza cvar sv_maxunlag = 0.5 .
L 01/24/2021 - 00:38:30: [OFFICIAL] ADMIN Didi seteaza cvar sv_maxunlag = 1 .
L 01/24/2021 - 00:38:30: [OFFICIAL] ADMIN Didi seteaza cvar sv_maxunlag = 1.5 .
L 01/24/2021 - 01:02:07: [OFFICIAL] ADMIN DaN'EllA seteaza cvar sv_timeout = 300 .
L 01/24/2021 - 01:02:08: [OFFICIAL] ADMIN DaN'EllA seteaza cvar sv_timeout = 60 .
L 01/24/2021 - 01:02:08: [OFFICIAL] ADMIN DaN'EllA seteaza cvar sv_timeout = 999 .
L 01/24/2021 - 01:24:19: [OFFICIAL] ADMIN TRENd seteaza cvar sv_unlag = 0 .
L 01/24/2021 - 01:24:20: [OFFICIAL] ADMIN TRENd seteaza cvar sv_unlag = 1 .
L 01/24/2021 - 11:20:49: [OFFICIAL] ADMIN WatcH mE seteaza cvar mp_timelimit = 35 .
L 01/24/2021 - 11:20:50: [OFFICIAL] ADMIN WatcH mE seteaza cvar mp_timelimit = 0 .
L 01/24/2021 - 11:51:32: [OFFICIAL] ADMIN SeBaN* seteaza cvar sv_unlag = 0 .
L 01/24/2021 - 11:51:33: [OFFICIAL] ADMIN SeBaN* seteaza cvar sv_unlag = 1 .
L 01/24/2021 - 12:11:01: [OFFICIAL] ADMIN blioshele seteaza cvar sv_timeout = 60 .
L 01/24/2021 - 12:11:01: [OFFICIAL] ADMIN blioshele seteaza cvar sv_timeout = 999 .
L 01/24/2021 - 12:11:10: [OFFICIAL] ADMIN blioshele seteaza cvar mp_autoteambalance = 1 .
L 01/24/2021 - 12:18:54: [OFFICIAL] ADMIN WatcH mE seteaza cvar mp_timelimit = 35 .
L 01/24/2021 - 12:18:55: [OFFICIAL] ADMIN WatcH mE seteaza cvar mp_timelimit = 0 .
L 01/24/2021 - 13:00:15: [OFFICIAL] ADMIN WatcH mE seteaza cvar mp_timelimit = 35 .
L 01/24/2021 - 13:00:15: [OFFICIAL] ADMIN WatcH mE seteaza cvar mp_timelimit = 0 .
L 01/24/2021 - 13:21:53: [OFFICIAL] ADMIN SeBaN* seteaza cvar sv_restart = 3 .
L 01/24/2021 - 13:47:55: [OFFICIAL] ADMIN TRENd seteaza cvar mp_timelimit = 35 .
L 01/24/2021 - 13:47:55: [OFFICIAL] ADMIN TRENd seteaza cvar mp_timelimit = 0 .
L 01/24/2021 - 13:47:56: [OFFICIAL] ADMIN TRENd seteaza cvar mp_timelimit = 25 .
L 01/24/2021 - 13:47:57: [OFFICIAL] ADMIN TRENd seteaza cvar mp_timelimit = 35 .
L 01/24/2021 - 13:53:56: [OFFICIAL] ADMIN TRENd seteaza cvar mp_timelimit = 35 .
L 01/24/2021 - 13:53:57: [OFFICIAL] ADMIN TRENd seteaza cvar mp_timelimit = 0 .
L 01/24/2021 - 14:23:25: [OFFICIAL] ADMIN Didi seteaza cvar sv_unlag = 0 .
L 01/24/2021 - 14:23:26: [OFFICIAL] ADMIN Didi seteaza cvar sv_unlag = 1 .
L 01/24/2021 - 14:23:28: [OFFICIAL] ADMIN Didi seteaza cvar sv_maxunlag = 0.1 .
L 01/24/2021 - 14:23:29: [OFFICIAL] ADMIN Didi seteaza cvar sv_maxunlag = 0.5 .
L 01/24/2021 - 14:23:30: [OFFICIAL] ADMIN Didi seteaza cvar sv_maxunlag = 1 .
L 01/24/2021 - 14:23:30: [OFFICIAL] ADMIN Didi seteaza cvar sv_maxunlag = 1.5 .
L 01/24/2021 - 14:34:13: [OFFICIAL] ADMIN Didi seteaza cvar mp_timelimit = 35 .
L 01/24/2021 - 14:34:13: [OFFICIAL] ADMIN Didi seteaza cvar mp_timelimit = 0 .
L 01/24/2021 - 16:07:50: [OFFICIAL] ADMIN fyzt1C seteaza cvar mp_freezetime = 5 .
L 01/24/2021 - 16:07:50: [OFFICIAL] ADMIN fyzt1C seteaza cvar mp_freezetime = 0 .
L 01/24/2021 - 16:07:52: [OFFICIAL] ADMIN fyzt1C seteaza cvar mp_slaylosers = 0 .
L 01/24/2021 - 16:07:55: [OFFICIAL] ADMIN fyzt1C seteaza cvar mp_slaylosers = 1 .
L 01/24/2021 - 16:40:38: [OFFICIAL] ADMIN Osiris seteaza cvar sv_timeout = 60 .
L 01/24/2021 - 16:43:12: [OFFICIAL] ADMIN Osiris seteaza cvar mp_timelimit = 35 .
L 01/24/2021 - 16:43:13: [OFFICIAL] ADMIN Osiris seteaza cvar mp_timelimit = 0 .
L 01/24/2021 - 16:43:13: [OFFICIAL] ADMIN Osiris seteaza cvar mp_autoteambalance = 1 .
L 01/24/2021 - 16:44:18: [OFFICIAL] ADMIN Osiris seteaza cvar amx_hpk_ping = 800 .
L 01/24/2021 - 16:44:19: [OFFICIAL] ADMIN Osiris seteaza cvar amx_hpk_ping = 100 .
L 01/24/2021 - 16:44:20: [OFFICIAL] ADMIN Osiris seteaza cvar amx_hpk_ping = 300 .
L 01/24/2021 - 18:02:31: [OFFICIAL] ADMIN bUbUkIsS:* seteaza cvar mp_timelimit = 35 .
L 01/24/2021 - 18:02:31: [OFFICIAL] ADMIN bUbUkIsS:* seteaza cvar mp_timelimit = 0 .
L 01/24/2021 - 18:45:27: [OFFICIAL] ADMIN SeBaN* seteaza cvar mp_autoteambalance = 1 .
L 01/24/2021 - 18:45:29: [OFFICIAL] ADMIN SeBaN* seteaza cvar sv_unlag = 0 .
L 01/24/2021 - 18:45:29: [OFFICIAL] ADMIN SeBaN* seteaza cvar sv_unlag = 1 .
L 01/24/2021 - 18:45:30: [OFFICIAL] ADMIN SeBaN* seteaza cvar sv_maxunlag = 0.1 .
L 01/24/2021 - 18:45:30: [OFFICIAL] ADMIN SeBaN* seteaza cvar sv_maxunlag = 0.5 .
L 01/24/2021 - 18:45:31: [OFFICIAL] ADMIN SeBaN* seteaza cvar sv_maxunlag = 1 .
L 01/24/2021 - 18:45:31: [OFFICIAL] ADMIN SeBaN* seteaza cvar sv_maxunlag = 1.5 .
L 01/24/2021 - 18:45:36: [OFFICIAL] ADMIN SeBaN* seteaza cvar mp_freezetime = 2 .
L 01/24/2021 - 18:45:44: [OFFICIAL] ADMIN SeBaN* seteaza cvar sv_timeout = 60 .
L 01/24/2021 - 18:45:44: [OFFICIAL] ADMIN SeBaN* seteaza cvar sv_timeout = 999 .
L 01/24/2021 - 18:45:45: [OFFICIAL] ADMIN SeBaN* seteaza cvar sv_timeout = 300 .
L 01/24/2021 - 19:35:00: [OFFICIAL] ADMIN bUbUkIsS:* seteaza cvar mp_timelimit = 35 .
L 01/24/2021 - 19:43:48: [OFFICIAL] ADMIN SeBaN* seteaza cvar sv_unlag = 0 .
L 01/24/2021 - 19:43:49: [OFFICIAL] ADMIN SeBaN* seteaza cvar sv_unlag = 1 .
L 01/24/2021 - 19:43:50: [OFFICIAL] ADMIN SeBaN* seteaza cvar sv_maxunlag = 0.1 .
L 01/24/2021 - 19:43:50: [OFFICIAL] ADMIN SeBaN* seteaza cvar sv_maxunlag = 0.5 .
L 01/24/2021 - 19:43:51: [OFFICIAL] ADMIN SeBaN* seteaza cvar sv_maxunlag = 1 .
L 01/24/2021 - 19:43:51: [OFFICIAL] ADMIN SeBaN* seteaza cvar sv_maxunlag = 1.5 .
L 01/24/2021 - 19:43:59: [OFFICIAL] ADMIN SeBaN* seteaza cvar sv_timeout = 60 .
L 01/24/2021 - 19:44:00: [OFFICIAL] ADMIN SeBaN* seteaza cvar sv_timeout = 999 .
L 01/24/2021 - 19:44:00: [OFFICIAL] ADMIN SeBaN* seteaza cvar sv_timeout = 300 .
L 01/24/2021 - 19:44:01: [OFFICIAL] ADMIN SeBaN* seteaza cvar sv_timeout = 60 .
L 01/24/2021 - 19:44:01: [OFFICIAL] ADMIN SeBaN* seteaza cvar sv_timeout = 999 .
L 01/24/2021 - 19:44:21: [OFFICIAL] ADMIN SeBaN* seteaza cvar mp_autoteambalance = 1 .
L 01/24/2021 - 20:26:04: [OFFICIAL] ADMIN DaN'EllA seteaza cvar mp_freezetime = 5 .
L 01/24/2021 - 20:26:05: [OFFICIAL] ADMIN DaN'EllA seteaza cvar mp_freezetime = 0 .
L 01/24/2021 - 20:26:18: [OFFICIAL] ADMIN Didi seteaza cvar mp_freezetime = 2 .
L 01/24/2021 - 20:26:21: [OFFICIAL] ADMIN Didi seteaza cvar mp_freezetime = 5 .
L 01/24/2021 - 20:26:21: [OFFICIAL] ADMIN Didi seteaza cvar mp_freezetime = 0 .
L 01/24/2021 - 20:47:58: [OFFICIAL] ADMIN DaN'EllA seteaza cvar mp_timelimit = 35 .
L 01/24/2021 - 20:54:50: [OFFICIAL] ADMIN blioshele seteaza cvar mp_freezetime = 2 .
L 01/24/2021 - 21:32:32: [OFFICIAL] ADMIN DaN'EllA seteaza cvar mp_timelimit = 35 .
L 01/24/2021 - 21:59:13: [OFFICIAL] ADMIN bUbUkIsS:* seteaza cvar mp_timelimit = 35 .
L 01/24/2021 - 22:19:35: [OFFICIAL] ADMIN DaN'EllA seteaza cvar sv_timeout = 300 .
L 01/24/2021 - 22:19:35: [OFFICIAL] ADMIN DaN'EllA seteaza cvar sv_timeout = 60 .
L 01/24/2021 - 22:19:35: [OFFICIAL] ADMIN DaN'EllA seteaza cvar sv_timeout = 999 .
L 01/24/2021 - 23:37:10: [OFFICIAL] ADMIN blioshele seteaza cvar mp_autoteambalance = 1 .
L 01/24/2021 - 23:54:46: [OFFICIAL] ADMIN DaN'EllA seteaza cvar sv_timeout = 300 .
L 01/24/2021 - 23:54:47: [OFFICIAL] ADMIN DaN'EllA seteaza cvar sv_timeout = 60 .
L 01/24/2021 - 23:54:47: [OFFICIAL] ADMIN DaN'EllA seteaza cvar sv_timeout = 999 .
L 01/25/2021 - 12:30:55: [OFFICIAL] ADMIN bUbUkIsS:* seteaza cvar mp_timelimit = 35 .
L 01/25/2021 - 12:30:56: [OFFICIAL] ADMIN bUbUkIsS:* seteaza cvar mp_timelimit = 0 .
L 01/25/2021 - 14:04:23: [OFFICIAL] ADMIN zEn seteaza cvar mp_timelimit = 35 .
L 01/25/2021 - 14:04:24: [OFFICIAL] ADMIN zEn seteaza cvar mp_timelimit = 0 .
L 01/25/2021 - 15:06:41: [OFFICIAL] ADMIN TRENd seteaza cvar mp_freezetime = 5 .
L 01/25/2021 - 15:06:42: [OFFICIAL] ADMIN TRENd seteaza cvar mp_freezetime = 0 .
L 01/25/2021 - 15:06:48: [OFFICIAL] ADMIN TRENd seteaza cvar sv_unlag = 0 .
L 01/25/2021 - 15:06:49: [OFFICIAL] ADMIN TRENd seteaza cvar sv_unlag = 1 .
L 01/25/2021 - 15:09:11: [OFFICIAL] ADMIN TRENd seteaza cvar mp_freezetime = 2 .
L 01/25/2021 - 15:09:14: [OFFICIAL] ADMIN TRENd seteaza cvar mp_freezetime = 5 .
L 01/25/2021 - 15:09:15: [OFFICIAL] ADMIN TRENd seteaza cvar mp_freezetime = 0 .
L 01/25/2021 - 15:09:16: [OFFICIAL] ADMIN TRENd seteaza cvar mp_freezetime = 2 .
L 01/25/2021 - 15:13:20: [OFFICIAL] ADMIN TRENd seteaza cvar mp_timelimit = 35 .
L 01/25/2021 - 15:13:21: [OFFICIAL] ADMIN TRENd seteaza cvar mp_timelimit = 0 .
L 01/25/2021 - 15:14:06: [OFFICIAL] ADMIN TRENd seteaza cvar sv_unlag = 0 .
L 01/25/2021 - 15:14:07: [OFFICIAL] ADMIN TRENd seteaza cvar sv_unlag = 1 .
L 01/25/2021 - 15:14:11: [OFFICIAL] ADMIN TRENd seteaza cvar sv_maxunlag = 0.1 .
L 01/25/2021 - 15:14:12: [OFFICIAL] ADMIN TRENd seteaza cvar sv_maxunlag = 0.5 .
L 01/25/2021 - 15:14:14: [OFFICIAL] ADMIN TRENd seteaza cvar sv_maxunlag = 1 .
L 01/25/2021 - 15:14:15: [OFFICIAL] ADMIN TRENd seteaza cvar sv_maxunlag = 1.5 .
L 01/25/2021 - 15:26:49: [OFFICIAL] ADMIN TRENd seteaza cvar mp_autoteambalance = 1 .
L 01/25/2021 - 15:26:51: [OFFICIAL] ADMIN TRENd seteaza cvar mp_autoteambalance = 0 .
L 01/25/2021 - 15:26:51: [OFFICIAL] ADMIN TRENd seteaza cvar mp_autoteambalance = 1 .
L 01/25/2021 - 16:23:16: [OFFICIAL] ADMIN Osiris seteaza cvar mp_autoteambalance = 1 .
L 01/25/2021 - 16:23:17: [OFFICIAL] ADMIN Osiris seteaza cvar mp_timelimit = 35 .
L 01/25/2021 - 16:23:50: [OFFICIAL] ADMIN Osiris seteaza cvar mp_timelimit = 0 .
L 01/25/2021 - 17:29:55: [OFFICIAL] ADMIN fyzt1C seteaza cvar mp_timelimit = 35 .
L 01/25/2021 - 17:29:55: [OFFICIAL] ADMIN fyzt1C seteaza cvar mp_timelimit = 0 .
L 01/25/2021 - 17:55:58: [OFFICIAL] ADMIN fyzt1C seteaza cvar mp_timelimit = 35 .
L 01/25/2021 - 17:55:58: [OFFICIAL] ADMIN fyzt1C seteaza cvar mp_timelimit = 0 .
L 01/25/2021 - 18:46:44: [OFFICIAL] ADMIN DaN'EllA seteaza cvar mp_timelimit = 35 .
L 01/25/2021 - 18:55:38: [OFFICIAL] ADMIN DaN'EllA seteaza cvar mp_autoteambalance = 1 .
L 01/25/2021 - 19:15:21: [OFFICIAL] ADMIN Osiris seteaza cvar mp_autoteambalance = 1 .
L 01/25/2021 - 19:15:22: [OFFICIAL] ADMIN Osiris seteaza cvar mp_timelimit = 35 .
L 01/25/2021 - 19:41:15: [OFFICIAL] ADMIN bUbUkIsS:* seteaza cvar mp_timelimit = 0 .
L 01/25/2021 - 19:43:15: [OFFICIAL] ADMIN Didi seteaza cvar mp_freezetime = 5 .
L 01/25/2021 - 19:43:16: [OFFICIAL] ADMIN Didi seteaza cvar mp_freezetime = 0 .
L 01/25/2021 - 20:16:47: [OFFICIAL] ADMIN DaN'EllA seteaza cvar mp_autoteambalance = 1 .
L 01/25/2021 - 20:24:16: [OFFICIAL] ADMIN DaN'EllA seteaza cvar sv_timeout = 60 .
L 01/25/2021 - 20:24:17: [OFFICIAL] ADMIN DaN'EllA seteaza cvar sv_timeout = 999 .
L 01/25/2021 - 20:24:17: [OFFICIAL] ADMIN DaN'EllA seteaza cvar sv_timeout = 300 .
L 01/25/2021 - 20:27:41: [OFFICIAL] ADMIN DaN'EllA seteaza cvar mp_timelimit = 35 .
L 01/25/2021 - 20:27:42: [OFFICIAL] ADMIN DaN'EllA seteaza cvar mp_timelimit = 0 .
L 01/25/2021 - 21:13:29: [OFFICIAL] ADMIN oarba_dupa_tine seteaza cvar mp_timelimit = 35 .
L 01/25/2021 - 21:13:30: [OFFICIAL] ADMIN oarba_dupa_tine seteaza cvar mp_timelimit = 0 .
L 01/25/2021 - 21:13:31: [OFFICIAL] ADMIN oarba_dupa_tine seteaza cvar mp_timelimit = 25 .
L 01/25/2021 - 21:13:36: [OFFICIAL] ADMIN oarba_dupa_tine seteaza cvar sv_timeout = 60 .
L 01/25/2021 - 21:13:37: [OFFICIAL] ADMIN oarba_dupa_tine seteaza cvar sv_timeout = 999 .
L 01/25/2021 - 21:40:44: [OFFICIAL] ADMIN DaN'EllA seteaza cvar mp_timelimit = 35 .
L 01/25/2021 - 22:27:34: [OFFICIAL] ADMIN Didi seteaza cvar mp_autoteambalance = 1 .
L 01/25/2021 - 22:27:34: [OFFICIAL] ADMIN Didi seteaza cvar mp_autoteambalance = 0 .
L 01/25/2021 - 22:27:37: [OFFICIAL] ADMIN Didi seteaza cvar mp_autoteambalance = 1 .
L 01/25/2021 - 22:27:37: [OFFICIAL] ADMIN Didi seteaza cvar mp_autoteambalance = 0 .
L 01/25/2021 - 22:27:49: [OFFICIAL] ADMIN Didi seteaza cvar mp_autoteambalance = 1 .
L 01/25/2021 - 22:28:54: [OFFICIAL] ADMIN Didi seteaza cvar mp_autoteambalance = 0 .
L 01/25/2021 - 22:29:16: [OFFICIAL] ADMIN DaN'EllA seteaza cvar mp_freezetime = 2 .
L 01/25/2021 - 23:14:02: [OFFICIAL] ADMIN Osiris seteaza cvar mp_autoteambalance = 1 .
L 01/25/2021 - 23:33:46: [OFFICIAL] ADMIN Osiris seteaza cvar mp_autoteambalance = 0 .
L 01/26/2021 - 11:21:18: [OFFICIAL] ADMIN WatcH mE seteaza cvar mp_timelimit = 35 .
L 01/26/2021 - 11:21:18: [OFFICIAL] ADMIN WatcH mE seteaza cvar mp_timelimit = 0 .
L 01/26/2021 - 11:51:43: [OFFICIAL] ADMIN bUbUkIsS:* seteaza cvar mp_autoteambalance = 1 .
L 01/26/2021 - 11:51:44: [OFFICIAL] ADMIN bUbUkIsS:* seteaza cvar mp_autoteambalance = 0 .
L 01/26/2021 - 11:51:45: [OFFICIAL] ADMIN bUbUkIsS:* seteaza cvar mp_autoteambalance = 1 .
L 01/26/2021 - 12:16:43: [OFFICIAL] ADMIN bUbUkIsS:* seteaza cvar mp_autoteambalance = 1 .
L 01/26/2021 - 12:23:30: [OFFICIAL] ADMIN bUbUkIsS:* seteaza cvar mp_timelimit = 35 .
L 01/26/2021 - 12:23:31: [OFFICIAL] ADMIN bUbUkIsS:* seteaza cvar mp_timelimit = 0 .
L 01/26/2021 - 12:36:46: [OFFICIAL] ADMIN bUbUkIsS:* seteaza cvar mp_autoteambalance = 1 .
L 01/26/2021 - 12:36:47: [OFFICIAL] ADMIN bUbUkIsS:* seteaza cvar mp_autoteambalance = 0 .
L 01/26/2021 - 12:48:00: [OFFICIAL] ADMIN bUbUkIsS:* seteaza cvar mp_timelimit = 35 .
L 01/26/2021 - 12:48:01: [OFFICIAL] ADMIN bUbUkIsS:* seteaza cvar mp_timelimit = 0 .
L 01/26/2021 - 13:52:33: [OFFICIAL] ADMIN DaN'EllA seteaza cvar mp_timelimit = 35 .
L 01/26/2021 - 13:52:33: [OFFICIAL] ADMIN DaN'EllA seteaza cvar mp_timelimit = 0 .
L 01/26/2021 - 13:52:37: [OFFICIAL] ADMIN fyzt1C seteaza cvar mp_timelimit = 25 .
L 01/26/2021 - 13:52:40: [OFFICIAL] ADMIN fyzt1C seteaza cvar mp_timelimit = 35 .
L 01/26/2021 - 14:37:37: [OFFICIAL] ADMIN DaN'EllA seteaza cvar mp_timelimit = 35 .
L 01/26/2021 - 14:37:38: [OFFICIAL] ADMIN DaN'EllA seteaza cvar mp_timelimit = 0 .
L 01/26/2021 - 15:40:02: [OFFICIAL] ADMIN MiXtApPe seteaza cvar sv_timeout = 60 .
L 01/26/2021 - 15:40:03: [OFFICIAL] ADMIN MiXtApPe seteaza cvar sv_timeout = 999 .
L 01/26/2021 - 15:40:03: [OFFICIAL] ADMIN MiXtApPe seteaza cvar sv_timeout = 300 .
L 01/26/2021 - 15:48:12: [OFFICIAL] ADMIN oarba_dupa_tine seteaza cvar mp_timelimit = 35 .
L 01/26/2021 - 15:48:13: [OFFICIAL] ADMIN oarba_dupa_tine seteaza cvar mp_timelimit = 0 .
L 01/26/2021 - 17:00:05: [OFFICIAL] ADMIN oarba_dupa_tine seteaza cvar mp_timelimit = 35 .
L 01/26/2021 - 17:00:06: [OFFICIAL] ADMIN oarba_dupa_tine seteaza cvar mp_timelimit = 0 .
L 01/26/2021 - 17:50:27: [OFFICIAL] ADMIN DaN'EllA seteaza cvar mp_timelimit = 35 .
L 01/26/2021 - 18:15:46: [OFFICIAL] ADMIN DaN'EllA seteaza cvar mp_timelimit = 35 .
L 01/26/2021 - 18:46:25: [OFFICIAL] ADMIN Didi seteaza cvar mp_timelimit = 35 .
L 01/26/2021 - 18:46:26: [OFFICIAL] ADMIN Didi seteaza cvar mp_timelimit = 0 .
L 01/26/2021 - 19:38:54: [OFFICIAL] ADMIN DaN'EllA seteaza cvar mp_timelimit = 35 .
L 01/26/2021 - 19:43:01: [OFFICIAL] ADMIN Didi seteaza cvar mp_freezetime = 5 .
L 01/26/2021 - 19:43:02: [OFFICIAL] ADMIN Didi seteaza cvar mp_freezetime = 0 .
L 01/26/2021 - 19:43:27: [OFFICIAL] ADMIN oarba_dupa_tine seteaza cvar mp_freezetime = 2 .
L 01/26/2021 - 19:43:28: [OFFICIAL] ADMIN oarba_dupa_tine seteaza cvar mp_freezetime = 5 .
L 01/26/2021 - 19:43:28: [OFFICIAL] ADMIN oarba_dupa_tine seteaza cvar mp_freezetime = 0 .
L 01/26/2021 - 20:02:41: [OFFICIAL] ADMIN Didi seteaza cvar mp_timelimit = 35 .
L 01/26/2021 - 20:25:20: [OFFICIAL] ADMIN DaN'EllA seteaza cvar sv_timeout = 60 .
L 01/26/2021 - 20:25:21: [OFFICIAL] ADMIN DaN'EllA seteaza cvar sv_timeout = 999 .
L 01/26/2021 - 20:25:21: [OFFICIAL] ADMIN DaN'EllA seteaza cvar sv_timeout = 300 .
L 01/26/2021 - 20:25:23: [OFFICIAL] ADMIN DaN'EllA seteaza cvar sv_timeout = 60 .
L 01/26/2021 - 20:25:23: [OFFICIAL] ADMIN DaN'EllA seteaza cvar sv_timeout = 999 .
L 01/26/2021 - 21:40:09: [OFFICIAL] ADMIN oarba_dupa_tine seteaza cvar mp_timelimit = 25 .
L 01/26/2021 - 21:40:10: [OFFICIAL] ADMIN oarba_dupa_tine seteaza cvar mp_timelimit = 35 .
L 01/26/2021 - 23:09:01: [OFFICIAL] ADMIN Didi seteaza cvar sv_restart = 3 .
L 01/26/2021 - 23:15:41: [OFFICIAL] ADMIN DaN'EllA seteaza cvar mp_freezetime = 2 .
L 01/26/2021 - 23:29:37: [OFFICIAL] ADMIN DaN'EllA seteaza cvar sv_timeout = 300 .
L 01/26/2021 - 23:29:37: [OFFICIAL] ADMIN DaN'EllA seteaza cvar sv_timeout = 60 .
L 01/26/2021 - 23:29:38: [OFFICIAL] ADMIN DaN'EllA seteaza cvar sv_timeout = 999 .
L 01/27/2021 - 06:42:05: [OFFICIAL] ADMIN bUbUkIsS:* seteaza cvar sv_unlag = 0 .
L 01/27/2021 - 06:42:05: [OFFICIAL] ADMIN bUbUkIsS:* seteaza cvar sv_unlag = 1 .
L 01/27/2021 - 06:42:08: [OFFICIAL] ADMIN bUbUkIsS:* seteaza cvar sv_maxunlag = 0.1 .
L 01/27/2021 - 06:42:08: [OFFICIAL] ADMIN bUbUkIsS:* seteaza cvar sv_maxunlag = 0.5 .
L 01/27/2021 - 06:42:08: [OFFICIAL] ADMIN bUbUkIsS:* seteaza cvar sv_maxunlag = 1 .
L 01/27/2021 - 06:42:10: [OFFICIAL] ADMIN bUbUkIsS:* seteaza cvar sv_maxunlag = 1.5 .
L 01/27/2021 - 06:44:55: [OFFICIAL] ADMIN bUbUkIsS:* seteaza cvar mp_autoteambalance = 1 .
L 01/27/2021 - 06:44:58: [OFFICIAL] ADMIN bUbUkIsS:* seteaza cvar mp_autoteambalance = 0 .
L 01/27/2021 - 06:44:59: [OFFICIAL] ADMIN bUbUkIsS:* seteaza cvar mp_autoteambalance = 1 .
L 01/27/2021 - 06:47:06: [OFFICIAL] ADMIN bUbUkIsS:* seteaza cvar mp_autoteambalance = 0 .
L 01/27/2021 - 07:04:51: [OFFICIAL] ADMIN bUbUkIsS:* seteaza cvar sv_timeout = 300 .
L 01/27/2021 - 07:04:52: [OFFICIAL] ADMIN bUbUkIsS:* seteaza cvar sv_timeout = 60 .
L 01/27/2021 - 07:04:52: [OFFICIAL] ADMIN bUbUkIsS:* seteaza cvar sv_timeout = 999 .
L 01/27/2021 - 07:10:38: [OFFICIAL] ADMIN bUbUkIsS:* seteaza cvar mp_timelimit = 25 .
L 01/27/2021 - 07:10:38: [OFFICIAL] ADMIN bUbUkIsS:* seteaza cvar mp_timelimit = 35 .
L 01/27/2021 - 07:10:39: [OFFICIAL] ADMIN bUbUkIsS:* seteaza cvar mp_timelimit = 0 .
L 01/27/2021 - 11:20:59: [OFFICIAL] ADMIN WatcH mE seteaza cvar mp_timelimit = 35 .
L 01/27/2021 - 11:21:00: [OFFICIAL] ADMIN WatcH mE seteaza cvar mp_timelimit = 0 .
L 01/27/2021 - 12:41:52: [OFFICIAL] ADMIN WatcH mE seteaza cvar mp_timelimit = 35 .
L 01/27/2021 - 12:41:53: [OFFICIAL] ADMIN WatcH mE seteaza cvar mp_timelimit = 0 .
L 01/27/2021 - 13:43:01: [OFFICIAL] ADMIN DaN'EllA seteaza cvar sv_timeout = 60 .
L 01/27/2021 - 13:43:01: [OFFICIAL] ADMIN DaN'EllA seteaza cvar sv_timeout = 999 .
L 01/27/2021 - 13:43:01: [OFFICIAL] ADMIN DaN'EllA seteaza cvar sv_timeout = 300 .
L 01/27/2021 - 13:43:02: [OFFICIAL] ADMIN DaN'EllA seteaza cvar sv_timeout = 60 .
L 01/27/2021 - 13:43:03: [OFFICIAL] ADMIN DaN'EllA seteaza cvar sv_timeout = 999 .
L 01/27/2021 - 14:00:00: [OFFICIAL] ADMIN oarba_dupa_tine seteaza cvar mp_timelimit = 35 .
L 01/27/2021 - 14:00:01: [OFFICIAL] ADMIN oarba_dupa_tine seteaza cvar mp_timelimit = 0 .
L 01/27/2021 - 15:09:55: [OFFICIAL] ADMIN DaN'EllA seteaza cvar sv_timeout = 60 .
L 01/27/2021 - 15:09:56: [OFFICIAL] ADMIN DaN'EllA seteaza cvar sv_timeout = 999 .
L 01/27/2021 - 15:09:57: [OFFICIAL] ADMIN DaN'EllA seteaza cvar sv_timeout = 300 .
L 01/27/2021 - 15:19:11: [OFFICIAL] ADMIN DaN'EllA seteaza cvar mp_timelimit = 35 .
L 01/27/2021 - 15:19:11: [OFFICIAL] ADMIN DaN'EllA seteaza cvar mp_timelimit = 0 .
L 01/27/2021 - 15:51:02: [OFFICIAL] ADMIN DaN'EllA seteaza cvar sv_timeout = 60 .
L 01/27/2021 - 15:51:02: [OFFICIAL] ADMIN DaN'EllA seteaza cvar sv_timeout = 999 .
L 01/27/2021 - 15:51:02: [OFFICIAL] ADMIN DaN'EllA seteaza cvar sv_timeout = 300 .
L 01/27/2021 - 16:28:30: [OFFICIAL] ADMIN DaN'EllA seteaza cvar mp_timelimit = 35 .
L 01/27/2021 - 16:28:31: [OFFICIAL] ADMIN DaN'EllA seteaza cvar mp_timelimit = 0 .
L 01/27/2021 - 17:34:19: [OFFICIAL] ADMIN oarba_dupa_tine seteaza cvar mp_timelimit = 35 .
L 01/27/2021 - 17:34:20: [OFFICIAL] ADMIN oarba_dupa_tine seteaza cvar mp_timelimit = 0 .
L 01/27/2021 - 18:40:08: [OFFICIAL] ADMIN oarba_dupa_tine seteaza cvar mp_timelimit = 35 .
L 01/27/2021 - 18:40:08: [OFFICIAL] ADMIN oarba_dupa_tine seteaza cvar mp_timelimit = 0 .
L 01/27/2021 - 19:33:02: [OFFICIAL] ADMIN Mr.Heineken seteaza cvar sv_restart = 3 .
L 01/27/2021 - 19:49:21: [OFFICIAL] ADMIN Osiris seteaza cvar mp_autoteambalance = 1 .
L 01/27/2021 - 19:49:24: [OFFICIAL] ADMIN Osiris seteaza cvar sv_unlag = 0 .
L 01/27/2021 - 19:49:25: [OFFICIAL] ADMIN Osiris seteaza cvar sv_unlag = 1 .
L 01/27/2021 - 19:49:28: [OFFICIAL] ADMIN Osiris seteaza cvar sv_maxunlag = 0.1 .
L 01/27/2021 - 19:49:29: [OFFICIAL] ADMIN Osiris seteaza cvar sv_maxunlag = 0.5 .
L 01/27/2021 - 19:49:29: [OFFICIAL] ADMIN Osiris seteaza cvar sv_maxunlag = 1 .
L 01/27/2021 - 19:49:29: [OFFICIAL] ADMIN Osiris seteaza cvar sv_maxunlag = 1.5 .
L 01/27/2021 - 20:37:16: [OFFICIAL] ADMIN Osiris seteaza cvar mp_autoteambalance = 1 .
L 01/27/2021 - 21:23:09: [OFFICIAL] ADMIN DaN'EllA seteaza cvar mp_timelimit = 35 .
L 01/27/2021 - 21:48:16: [OFFICIAL] ADMIN DaN'EllA seteaza cvar mp_timelimit = 35 .
L 01/27/2021 - 23:23:04: [OFFICIAL] ADMIN blioshele seteaza cvar sv_timeout = 300 .
L 01/27/2021 - 23:23:04: [OFFICIAL] ADMIN blioshele seteaza cvar sv_timeout = 60 .
L 01/27/2021 - 23:23:04: [OFFICIAL] ADMIN blioshele seteaza cvar sv_timeout = 999 .
L 01/28/2021 - 05:48:54: [OFFICIAL] ADMIN bUbUkIsS:* seteaza cvar mp_autoteambalance = 1 .
L 01/28/2021 - 11:22:26: [OFFICIAL] ADMIN WatcH mE seteaza cvar mp_timelimit = 35 .
L 01/28/2021 - 11:22:26: [OFFICIAL] ADMIN WatcH mE seteaza cvar mp_timelimit = 0 .
L 01/28/2021 - 12:28:10: [OFFICIAL] ADMIN DaN'EllA seteaza cvar mp_timelimit = 35 .
L 01/28/2021 - 12:28:10: [OFFICIAL] ADMIN DaN'EllA seteaza cvar mp_timelimit = 0 .
L 01/28/2021 - 12:33:45: [OFFICIAL] ADMIN DaN'EllA seteaza cvar sv_timeout = 60 .
L 01/28/2021 - 12:33:45: [OFFICIAL] ADMIN DaN'EllA seteaza cvar sv_timeout = 999 .
L 01/28/2021 - 12:33:46: [OFFICIAL] ADMIN DaN'EllA seteaza cvar sv_timeout = 300 .
L 01/28/2021 - 13:17:34: [OFFICIAL] ADMIN DaN'EllA seteaza cvar mp_autoteambalance = 1 .
L 01/28/2021 - 13:27:19: [OFFICIAL] ADMIN DaN'EllA seteaza cvar mp_timelimit = 35 .
L 01/28/2021 - 13:27:19: [OFFICIAL] ADMIN DaN'EllA seteaza cvar mp_timelimit = 0 .
L 01/28/2021 - 14:05:44: [OFFICIAL] ADMIN oarba_dupa_tine seteaza cvar sv_restart = 3 .
L 01/28/2021 - 14:14:58: [OFFICIAL] ADMIN bUbUkIsS:* seteaza cvar mp_autoteambalance = 0 .
L 01/28/2021 - 14:15:01: [OFFICIAL] ADMIN bUbUkIsS:* seteaza cvar mp_autoteambalance = 1 .
L 01/28/2021 - 15:03:04: [OFFICIAL] ADMIN bUbUkIsS:* seteaza cvar sv_unlag = 0 .
L 01/28/2021 - 15:03:04: [OFFICIAL] ADMIN bUbUkIsS:* seteaza cvar sv_unlag = 1 .
L 01/28/2021 - 15:03:06: [OFFICIAL] ADMIN bUbUkIsS:* seteaza cvar sv_maxunlag = 0.1 .
L 01/28/2021 - 15:03:06: [OFFICIAL] ADMIN bUbUkIsS:* seteaza cvar sv_maxunlag = 0.5 .
L 01/28/2021 - 15:03:06: [OFFICIAL] ADMIN bUbUkIsS:* seteaza cvar sv_maxunlag = 1 .
L 01/28/2021 - 15:03:06: [OFFICIAL] ADMIN bUbUkIsS:* seteaza cvar sv_maxunlag = 1.5 .
L 01/28/2021 - 15:57:46: [OFFICIAL] ADMIN DaN'EllA seteaza cvar mp_timelimit = 35 .
L 01/28/2021 - 15:57:47: [OFFICIAL] ADMIN DaN'EllA seteaza cvar mp_timelimit = 0 .
L 01/28/2021 - 17:00:38: [OFFICIAL] ADMIN Osiris seteaza cvar mp_timelimit = 35 .
L 01/28/2021 - 17:00:38: [OFFICIAL] ADMIN Osiris seteaza cvar mp_timelimit = 0 .
L 01/28/2021 - 17:00:38: [OFFICIAL] ADMIN Osiris seteaza cvar mp_autoteambalance = 1 .
L 01/28/2021 - 18:30:41: [OFFICIAL] ADMIN bUbUkIsS:* seteaza cvar mp_timelimit = 35 .
L 01/28/2021 - 18:30:42: [OFFICIAL] ADMIN bUbUkIsS:* seteaza cvar mp_timelimit = 0 .
L 01/28/2021 - 19:00:17: [OFFICIAL] ADMIN Didi seteaza cvar mp_autoteambalance = 1 .
L 01/28/2021 - 19:00:47: [OFFICIAL] ADMIN Didi seteaza cvar mp_autoteambalance = 0 .
L 01/28/2021 - 19:14:45: [OFFICIAL] ADMIN bUbUkIsS:* seteaza cvar mp_timelimit = 35 .
L 01/28/2021 - 19:14:46: [OFFICIAL] ADMIN bUbUkIsS:* seteaza cvar mp_timelimit = 0 .
L 01/28/2021 - 19:25:44: [OFFICIAL] ADMIN blioshele seteaza cvar sv_timeout = 60 .
L 01/28/2021 - 19:25:44: [OFFICIAL] ADMIN blioshele seteaza cvar sv_timeout = 999 .
L 01/28/2021 - 19:25:45: [OFFICIAL] ADMIN blioshele seteaza cvar sv_timeout = 300 .
L 01/28/2021 - 19:26:22: [OFFICIAL] ADMIN blioshele seteaza cvar mp_autoteambalance = 1 .
L 01/28/2021 - 19:48:07: [OFFICIAL] ADMIN DaN'EllA seteaza cvar mp_freezetime = 5 .
L 01/28/2021 - 19:48:08: [OFFICIAL] ADMIN DaN'EllA seteaza cvar mp_freezetime = 0 .
L 01/28/2021 - 19:53:00: [OFFICIAL] ADMIN blioshele seteaza cvar mp_autoteambalance = 1 .
L 01/28/2021 - 20:10:13: [OFFICIAL] ADMIN oarba_dupa_tine seteaza cvar mp_timelimit = 35 .
L 01/28/2021 - 20:44:21: [OFFICIAL] ADMIN bUbUkIsS:* seteaza cvar mp_timelimit = 35 .
L 01/28/2021 - 21:13:29: [OFFICIAL] ADMIN blioshele seteaza cvar sv_timeout = 60 .
L 01/28/2021 - 21:13:29: [OFFICIAL] ADMIN blioshele seteaza cvar sv_timeout = 999 .
L 01/28/2021 - 21:13:29: [OFFICIAL] ADMIN blioshele seteaza cvar sv_timeout = 300 .
L 01/28/2021 - 21:16:50: [OFFICIAL] ADMIN oarba_dupa_tine seteaza cvar sv_timeout = 60 .
L 01/28/2021 - 21:16:51: [OFFICIAL] ADMIN oarba_dupa_tine seteaza cvar sv_timeout = 999 .
L 01/28/2021 - 21:31:00: [OFFICIAL] ADMIN blioshele seteaza cvar sv_timeout = 300 .
L 01/28/2021 - 21:31:00: [OFFICIAL] ADMIN blioshele seteaza cvar sv_timeout = 60 .
L 01/28/2021 - 21:31:00: [OFFICIAL] ADMIN blioshele seteaza cvar sv_timeout = 999 .
L 01/28/2021 - 22:00:03: [OFFICIAL] ADMIN DaN'EllA seteaza cvar mp_timelimit = 35 .
L 01/28/2021 - 22:38:52: [OFFICIAL] ADMIN DaN'EllA seteaza cvar mp_freezetime = 2 .
