L 01/29/2021 - 00:00:09: [adminchat.amxx] Chat: "oarba_dupa_tine<732><STEAM_0:1:111439526><>" chat "faci pe jucatorul cu mine?"
L 01/29/2021 - 00:00:21: [adminchat.amxx] Chat: "Osiris<1057><STEAM_0:1:14001491><>" chat "=)) auzi la el"
L 01/29/2021 - 00:00:27: [adminchat.amxx] Chat: "Osiris<1057><STEAM_0:1:14001491><>" chat "nu fac"
L 01/29/2021 - 00:00:33: [adminchat.amxx] Chat: "oarba_dupa_tine<732><STEAM_0:1:111439526><>" chat "am inteles"
L 01/29/2021 - 00:00:38: [adminchat.amxx] Chat: "Osiris<1057><STEAM_0:1:14001491><>" chat "ma antrenez"
L 01/29/2021 - 00:02:29: [adminchat.amxx] Chat: "blioshele<824><STEAM_0:0:572269300><>" chat "prokiller"
L 01/29/2021 - 00:02:36: [adminchat.amxx] Chat: "blioshele<824><STEAM_0:0:572269300><>" chat "are wall :)"
L 01/29/2021 - 00:02:56: [adminchat.amxx] Chat: "blioshele<824><STEAM_0:0:572269300><>" tsay "suntem putini"
L 01/29/2021 - 00:03:04: [adminchat.amxx] Chat: "blioshele<824><STEAM_0:0:572269300><>" chat "suntem putini :_)"
L 01/29/2021 - 00:03:15: [adminchat.amxx] Chat: "oarba_dupa_tine<732><STEAM_0:1:111439526><>" chat "e clar"
L 01/29/2021 - 00:03:25: [adminchat.amxx] Chat: "blioshele<824><STEAM_0:0:572269300><>" chat "gresesc mereu tasta aia "
L 01/29/2021 - 00:05:16: [adminchat.amxx] Chat: "oarba_dupa_tine<732><STEAM_0:1:111439526><>" chat "ti-a placut?"
L 01/29/2021 - 00:05:22: [adminchat.amxx] Chat: "DaN'EllA<735><STEAM_0:0:43925123><>" chat "mnu"
L 01/29/2021 - 00:11:21: [high_ping_kicker.amxx] Highpingkick: "yasser<1113><STEAM_1:0:942140878>" was kicked due highping (Average Ping "474")
L 01/29/2021 - 00:11:33: [adminchat.amxx] Chat: "DaN'EllA<735><STEAM_0:0:43925123><>" chat "brb 2 min"
L 01/29/2021 - 00:11:53: [high_ping_kicker.amxx] Highpingkick: "yasser<1114><STEAM_1:0:942140878>" was kicked due highping (Average Ping "460")
L 01/29/2021 - 00:14:36: [adminchat.amxx] Chat: "blioshele<824><STEAM_0:0:572269300><>" chat "mai fac o runda si merg sa pun pe astia la somn ca e jale"
L 01/29/2021 - 00:14:49: [adminchat.amxx] Chat: "blioshele<824><STEAM_0:0:572269300><>" chat "nu asc deloc de masa"
L 01/29/2021 - 00:15:10: [adminchat.amxx] Chat: "oarba_dupa_tine<732><STEAM_0:1:111439526><>" chat "da sefu"
L 01/29/2021 - 00:15:21: [adminchat.amxx] Chat: "blioshele<824><STEAM_0:0:572269300><>" chat "ultima nb "
L 01/29/2021 - 00:15:25: [adminchat.amxx] Chat: "oarba_dupa_tine<732><STEAM_0:1:111439526><>" chat "nb"
L 01/29/2021 - 00:19:48: [adminchat.amxx] Chat: "oarba_dupa_tine<732><STEAM_0:1:111439526><>" chat "hai"
L 01/29/2021 - 00:19:52: [adminchat.amxx] Chat: "DaN'EllA<735><STEAM_0:0:43925123><>" chat "ok"
L 01/29/2021 - 00:31:08: [high_ping_kicker.amxx] Highpingkick: "amir KUN TALA<1138><STEAM_1:0:27957389>" was kicked due highping (Average Ping "330")
L 01/29/2021 - 00:31:40: [high_ping_kicker.amxx] Highpingkick: "amir KUN TALA<1139><STEAM_1:0:27957389>" was kicked due highping (Average Ping "323")
L 01/29/2021 - 00:32:11: [high_ping_kicker.amxx] Highpingkick: "amir KUN TALA<1141><STEAM_1:0:27957389>" was kicked due highping (Average Ping "332")
L 01/29/2021 - 00:32:39: [high_ping_kicker.amxx] Highpingkick: "amir KUN TALA<1142><STEAM_1:0:27957389>" was kicked due highping (Average Ping "322")
L 01/29/2021 - 00:45:18: [admincmd.amxx] Ban: "®     # .::OFFICIAL.INDUNGI.RO<0><><>" ban and kick "SHABADALABA<1154><STEAM_1:0:630440574><>" (minutes "0") (reason "Aim")
L 01/29/2021 - 00:46:19: [high_ping_kicker.amxx] Highpingkick: "<Warrior> Player<1161><STEAM_1:0:1046012333>" was kicked due highping (Average Ping "371")
L 01/29/2021 - 00:52:43: [admin.amxx] Login: "Dante<1169><STEAM_0:1:444048646><>" became an admin (account "Dante") (access "bcdefij") (address "5.12.107.199")
L 01/29/2021 - 00:52:45: [admin.amxx] Login: "Dante<1170><STEAM_0:1:444048646><>" became an admin (account "Dante") (access "bcdefij") (address "5.12.107.199")
L 01/29/2021 - 00:54:14: [admincmd.amxx] Cmd: "®     # .::OFFICIAL.INDUNGI.RO<0><><>" changelevel "de_dust2"
L 01/29/2021 - 00:54:16: -------- Mapchange to de_dust2 --------
L 01/29/2021 - 00:54:17: [admin.amxx] Login: "Dante<1170><STEAM_0:1:444048646><>" became an admin (account "Dante") (access "bcdefij") (address "5.12.107.199")
L 01/29/2021 - 00:54:26: [admincmd.amxx] Cmd: "®     # .::OFFICIAL.INDUNGI.RO<0><><>" set cvar (name "amx_vipgold_everyone") (value "1")
L 01/29/2021 - 00:54:26: [admincmd.amxx] Cmd: "®     # .::OFFICIAL.INDUNGI.RO<0><><>" set cvar (name "sv_timeout") (value "999")
L 01/29/2021 - 00:54:26: [admincmd.amxx] Cmd: "®     # .::OFFICIAL.INDUNGI.RO<0><><>" set cvar (name "sv_unlag") (value "1")
L 01/29/2021 - 00:54:26: [admincmd.amxx] Cmd: "®     # .::OFFICIAL.INDUNGI.RO<0><><>" set cvar (name "sv_maxunlag") (value "1.5")
L 01/29/2021 - 00:54:26: [admincmd.amxx] Cmd: "®     # .::OFFICIAL.INDUNGI.RO<0><><>" set cvar (name "mp_autokick") (value "0")
L 01/29/2021 - 00:54:26: [admincmd.amxx] Cmd: "®     # .::OFFICIAL.INDUNGI.RO<0><><>" set cvar (name "mp_autoteambalance") (value "0")
L 01/29/2021 - 00:54:26: [admincmd.amxx] Cmd: "®     # .::OFFICIAL.INDUNGI.RO<0><><>" set cvar (name "mp_timelimit") (value "0")
L 01/29/2021 - 00:58:10: [admin.amxx] Login: "boro*<1178><STEAM_0:0:454371444><>" became an admin (account "boro*") (access "bcdefij") (address "213.233.110.49")
L 01/29/2021 - 00:59:23: [adminchat.amxx] Chat: "Morvoz1<1172><STEAM_0:1:105453686><>" chat "genelian asta are wall"
L 01/29/2021 - 01:00:33: [admincmd.amxx] Ban: "Dante<1170><STEAM_0:1:444048646><>" ban and kick "genelian___<1168><STEAM_1:0:851133988><>" (minutes "wall") (reason "")
L 01/29/2021 - 01:03:11: [adminchat.amxx] Chat: "Morvoz1<1172><STEAM_0:1:105453686><>" chat "michelle wall"
