L 01/20/2021 - 19:47:46: Log file started (file "cstrike/addons/amxmodx/logs/wtj.log") (game "cstrike") (amx "1.9.0.5271")
L 01/20/2021 - 19:47:46: Empty Z|N|S <STEAM_0:0:45638315> de_dust2
L 01/20/2021 - 20:00:36: TheSlasher7 <STEAM_1:0:1974919938> de_inferno
L 01/20/2021 - 20:00:42: TheSlasher7 <STEAM_1:0:1974919938> de_inferno
L 01/20/2021 - 20:00:51: TheSlasher7 <STEAM_1:0:1974919938> de_inferno
L 01/20/2021 - 20:00:54: TheSlasher7 <STEAM_1:0:1974919938> de_inferno
L 01/20/2021 - 20:01:02: TheSlasher7 <STEAM_1:0:1974919938> de_inferno
L 01/20/2021 - 20:01:09: TheSlasher7 <STEAM_1:0:1974919938> de_inferno
L 01/20/2021 - 20:01:17: TheSlasher7 <STEAM_1:0:1974919938> de_inferno
L 01/20/2021 - 21:05:29: ES^ | ^seductive^ <STEAM_0:1:48916698> cs_assault_december
L 01/20/2021 - 22:38:05: CLAUdiuDOLHAscu <STEAM_1:0:813360144> de_dust2
L 01/20/2021 - 23:26:31: !R@fa_Yel!^_- <STEAM_1:0:135920233> de_dust2
L 01/21/2021 - 00:35:37: @@@@@@@@@@JOEBIDEN@@@@@@@@@@ <STEAM_1:0:1958199805> de_dust2
L 01/21/2021 - 00:36:19: @@@@@@@@@@JOEBIDEN@@@@@@@@@@ <STEAM_1:0:1958199805> de_dust2
L 01/21/2021 - 00:36:36: @@@@@@@@@@JOEBIDEN@@@@@@@@@@ <STEAM_1:0:1958199805> de_dust2
L 01/21/2021 - 00:39:58: @@@@@@@@@@JOEBIDEN@@@@@@@@@@ <STEAM_1:0:1958199805> de_dust2
L 01/21/2021 - 13:49:23: Terry Crews <STEAM_1:0:39755390> de_dust2
L 01/21/2021 - 13:49:33: Terry Crews <STEAM_1:0:39755390> de_dust2
L 01/21/2021 - 18:21:24: RBL <STEAM_1:0:119816406> de_tuscan32
L 01/21/2021 - 19:22:39: anas <STEAM_1:0:2018432097> cs_assault_1337
L 01/21/2021 - 20:28:35: ToNNy <STEAM_1:0:1767904973> de_inferno2se
L 01/21/2021 - 20:29:39: solomooN* MaskOFF <STEAM_1:0:282104483> de_inferno2se
L 01/22/2021 - 15:25:52: 69WOW <STEAM_0:1:546413750> de_dust2
L 01/22/2021 - 16:01:52: OURA <STEAM_1:0:1967525418> de_dust2
L 01/22/2021 - 16:11:36: Dere <STEAM_1:0:32284735> de_dust2
L 01/22/2021 - 20:09:47: ES^ | ^seductive^ <STEAM_0:1:48916698> de_dust2
L 01/22/2021 - 23:13:12: (1)<Warrior> Player <STEAM_1:0:951473592> de_dust2
L 01/22/2021 - 23:13:23: (1)<Warrior> Player <STEAM_1:0:951473592> de_dust2
L 01/23/2021 - 13:40:44: Khan <STEAM_1:0:2099558754> de_inferno
L 01/23/2021 - 14:59:16: skull <STEAM_1:0:2006113066> de_dust2
L 01/23/2021 - 14:59:19: *The Ma[$]TeR* <STEAM_1:0:35700902> de_dust2
L 01/23/2021 - 16:12:54: TheSlasher7 <STEAM_1:0:1974919938> cs_assault_december
L 01/23/2021 - 16:43:25: OFFICIAL.INDUNGI.RO <STEAM_1:0:1493058167> de_nuke_rarea
L 01/23/2021 - 19:05:12: an2raj_Cl@u <STEAM_1:0:1428418488> de_train32
L 01/23/2021 - 20:38:02: Mi.hIgh <STEAM_1:0:1718064897> awp_garden
L 01/23/2021 - 22:44:57: *OdB <STEAM_0:1:49096117> de_dust2
L 01/23/2021 - 23:06:46: STAX <STEAM_1:0:222102346> de_dust2
L 01/24/2021 - 12:12:45: kiko proo <STEAM_1:0:457226743> de_dust2
L 01/24/2021 - 12:12:52: kiko proo <STEAM_1:0:457226743> de_dust2
L 01/24/2021 - 12:56:17: WatcH mE <STEAM_0:0:47305836> de_dust2
L 01/24/2021 - 13:09:56: TheSlasher7 <STEAM_1:0:1974919938> de_dust2
L 01/24/2021 - 13:10:17: TheSlasher7 <STEAM_1:0:1974919938> de_dust2
L 01/24/2021 - 13:10:22: TheSlasher7 <STEAM_1:0:1974919938> de_dust2
L 01/24/2021 - 13:11:08: TheSlasher7 <STEAM_1:0:1974919938> de_dust2
L 01/24/2021 - 13:12:16: TheSlasher7 <STEAM_1:0:1974919938> de_dust2
L 01/24/2021 - 13:12:23: TheSlasher7 <STEAM_1:0:1974919938> de_dust2
L 01/24/2021 - 13:12:56: TheSlasher7 <STEAM_1:0:1974919938> de_dust2
L 01/24/2021 - 13:14:55: TheSlasher7 <STEAM_1:0:1974919938> de_dust2
L 01/24/2021 - 13:15:49: TheSlasher7 <STEAM_1:0:1974919938> de_dust2
L 01/24/2021 - 13:17:11: TheSlasher7 <STEAM_1:0:1974919938> de_dust2
L 01/24/2021 - 13:17:22: TheSlasher7 <STEAM_1:0:1974919938> de_dust2
L 01/24/2021 - 13:19:11: TheSlasher7 <STEAM_1:0:1974919938> de_dust2
L 01/24/2021 - 13:19:21: TheSlasher7 <STEAM_1:0:1974919938> de_dust2
L 01/24/2021 - 13:20:12: TheSlasher7 <STEAM_1:0:1974919938> de_dust2
L 01/24/2021 - 13:21:26: TheSlasher7 <STEAM_1:0:1974919938> de_dust2
L 01/24/2021 - 13:21:34: TheSlasher7 <STEAM_1:0:1974919938> de_dust2
L 01/24/2021 - 14:47:43: an2raj_Cl@u <STEAM_1:0:1428418488> de_dust2
L 01/24/2021 - 14:57:39: an2raj_Cl@u <STEAM_1:0:1428418488> de_dust2
L 01/24/2021 - 15:41:06: ananz skm 31 <STEAM_1:0:573681693> de_kabul_32
L 01/24/2021 - 19:07:31: hideeeeeee <STEAM_1:0:1342969409> de_nuke_rarea
L 01/25/2021 - 04:18:58: error 404 <STEAM_1:0:437360824> de_dust2
L 01/25/2021 - 10:19:53: salar <STEAM_1:0:383692982> de_dust2
L 01/25/2021 - 19:27:23: TheSlasher7 <STEAM_1:0:1974919938> de_train32
L 01/25/2021 - 19:29:58: TheSlasher7 <STEAM_1:0:1974919938> de_train32
L 01/25/2021 - 19:51:48: sensei <STEAM_0:0:1683698> awp_garden
L 01/25/2021 - 20:35:36: 1000g <STEAM_1:0:812566482> de_kabul_32
L 01/25/2021 - 20:35:51: 1000g <STEAM_1:0:812566482> de_kabul_32
L 01/26/2021 - 19:06:59: *OdB <STEAM_1:0:775654921> de_dustyaztec
L 01/26/2021 - 20:17:47: Serbian Ultras PaintBall Player <STEAM_1:0:1048253378> de_inferno2se
L 01/26/2021 - 22:24:06: ES^ | ^seductive^ <STEAM_0:1:48916698> de_dust2
L 01/27/2021 - 12:05:27: <Warrior> Player <STEAM_1:0:441321254> de_dust2
L 01/27/2021 - 12:32:04: CikyBooy <STEAM_1:0:356926885> de_inferno
L 01/27/2021 - 18:12:52: NONE. <STEAM_1:0:666287580> de_dust2
L 01/27/2021 - 18:18:38: NONE. <STEAM_1:0:666287580> de_dust2
L 01/27/2021 - 18:50:23: NONE. <STEAM_1:0:666287580> de_dust2
L 01/27/2021 - 18:51:25: NONE. <STEAM_1:0:666287580> de_dust2
L 01/27/2021 - 18:52:38: NONE. <STEAM_1:0:666287580> de_dust2
L 01/27/2021 - 20:17:06: <Warrior> Player <STEAM_1:0:1220222693> de_dust2
L 01/27/2021 - 20:30:12: (((THE EGYPTIAN KING!!))) <STEAM_1:0:1149547732> de_dust2
L 01/28/2021 - 11:19:00: WaGvh mY <STEAM_1:0:194064746> de_dust2
L 01/28/2021 - 12:12:30: fany <STEAM_0:0:545713388> de_dust2
L 01/28/2021 - 16:13:36: d3vyl <STEAM_0:0:102501871> de_dust2
L 01/28/2021 - 16:13:50: d3vyl <STEAM_0:0:102501871> de_dust2
L 01/28/2021 - 16:41:31: isimsizler <STEAM_1:0:344164555> cs_assault_1337
L 01/28/2021 - 18:50:23: none. <STEAM_1:0:666287580> de_dust2
L 01/28/2021 - 19:08:51: none. <STEAM_1:0:666287580> de_dust2
L 01/28/2021 - 19:10:34: none. <STEAM_1:0:666287580> de_dust2
L 01/28/2021 - 19:20:01: none. <STEAM_1:0:666287580> de_dust2
L 01/28/2021 - 19:33:40: d3vyl <STEAM_0:0:102501871> de_nuke_rarea
L 01/28/2021 - 19:36:50: none. <STEAM_1:0:666287580> de_nuke_rarea
L 01/28/2021 - 19:53:05: none. <STEAM_1:0:666287580> awp_garden
L 01/28/2021 - 20:00:37: mR.none <STEAM_1:0:666287580> awp_garden
L 01/28/2021 - 20:02:03: DeaDHeaRT <STEAM_1:0:2078300453> awp_garden
